# do {test_post_synthesis_compile.do}
# Model Technology ModelSim PE vmap 10.4c Lib Mapping Utility 2015.07 Jul 20 2015
# vmap xil_defaultlib msim/xil_defaultlib 
# Modifying modelsim.ini
# ** Warning: (vlog-159) Mode option -64 is not supported in this context and will be ignored.
# 
# Model Technology ModelSim PE vlog 10.4c Compiler 2015.07 Jul 20 2015
# Start time: 20:55:05 on Aug 19,2020
# vlog -64 -incr -work xil_defaultlib test_post_synthesis_time_synth.v ../../../../multicycleCPU54.srcs/sim_1/new/cpu_tb_post_synthesis.v 
# -- Compiling module DMEM
# -- Compiling module IMEM
# -- Compiling module RAM256X1S_UNIQ_BASE_
# -- Compiling module RAM256X1S_HD2551
# -- Compiling module RAM256X1S_HD2552
# -- Compiling module RAM256X1S_HD2553
# -- Compiling module RAM256X1S_HD2554
# -- Compiling module RAM256X1S_HD2555
# -- Compiling module RAM256X1S_HD2556
# -- Compiling module RAM256X1S_HD2557
# -- Compiling module RAM256X1S_HD2558
# -- Compiling module RAM256X1S_HD2559
# -- Compiling module RAM256X1S_HD2560
# -- Compiling module RAM256X1S_HD2561
# -- Compiling module RAM256X1S_HD2562
# -- Compiling module RAM256X1S_HD2563
# -- Compiling module RAM256X1S_HD2564
# -- Compiling module RAM256X1S_HD2565
# -- Compiling module RAM256X1S_HD2566
# -- Compiling module RAM256X1S_HD2567
# -- Compiling module RAM256X1S_HD2568
# -- Compiling module RAM256X1S_HD2569
# -- Compiling module RAM256X1S_HD2570
# -- Compiling module RAM256X1S_HD2571
# -- Compiling module RAM256X1S_HD2572
# -- Compiling module RAM256X1S_HD2573
# -- Compiling module RAM256X1S_HD2574
# -- Compiling module RAM256X1S_HD2575
# -- Compiling module RAM256X1S_HD2576
# -- Compiling module RAM256X1S_HD2577
# -- Compiling module RAM256X1S_HD2578
# -- Compiling module RAM256X1S_HD2579
# -- Compiling module RAM256X1S_HD2580
# -- Compiling module RAM256X1S_HD2581
# -- Compiling module RAM256X1S_HD2582
# -- Compiling module RAM256X1S_HD2583
# -- Compiling module RAM256X1S_HD2584
# -- Compiling module RAM256X1S_HD2585
# -- Compiling module RAM256X1S_HD2586
# -- Compiling module RAM256X1S_HD2587
# -- Compiling module RAM256X1S_HD2588
# -- Compiling module RAM256X1S_HD2589
# -- Compiling module RAM256X1S_HD2590
# -- Compiling module RAM256X1S_HD2591
# -- Compiling module RAM256X1S_HD2592
# -- Compiling module RAM256X1S_HD2593
# -- Compiling module RAM256X1S_HD2594
# -- Compiling module RAM256X1S_HD2595
# -- Compiling module RAM256X1S_HD2596
# -- Compiling module RAM256X1S_HD2597
# -- Compiling module RAM256X1S_HD2598
# -- Compiling module RAM256X1S_HD2599
# -- Compiling module RAM256X1S_HD2600
# -- Compiling module RAM256X1S_HD2601
# -- Compiling module RAM256X1S_HD2602
# -- Compiling module RAM256X1S_HD2603
# -- Compiling module RAM256X1S_HD2604
# -- Compiling module RAM256X1S_HD2605
# -- Compiling module RAM256X1S_HD2606
# -- Compiling module RAM256X1S_HD2607
# -- Compiling module RAM256X1S_HD2608
# -- Compiling module RAM256X1S_HD2609
# -- Compiling module RAM256X1S_HD2610
# -- Compiling module RAM256X1S_HD2611
# -- Compiling module RAM256X1S_HD2612
# -- Compiling module RAM256X1S_HD2613
# -- Compiling module RAM256X1S_HD2614
# -- Compiling module RAM256X1S_HD2615
# -- Compiling module RAM256X1S_HD2616
# -- Compiling module RAM256X1S_HD2617
# -- Compiling module RAM256X1S_HD2618
# -- Compiling module RAM256X1S_HD2619
# -- Compiling module RAM256X1S_HD2620
# -- Compiling module RAM256X1S_HD2621
# -- Compiling module RAM256X1S_HD2622
# -- Compiling module RAM256X1S_HD2623
# -- Compiling module RAM256X1S_HD2624
# -- Compiling module RAM256X1S_HD2625
# -- Compiling module RAM256X1S_HD2626
# -- Compiling module RAM256X1S_HD2627
# -- Compiling module RAM256X1S_HD2628
# -- Compiling module RAM256X1S_HD2629
# -- Compiling module RAM256X1S_HD2630
# -- Compiling module RAM256X1S_HD2631
# -- Compiling module RAM256X1S_HD2632
# -- Compiling module RAM256X1S_HD2633
# -- Compiling module RAM256X1S_HD2634
# -- Compiling module RAM256X1S_HD2635
# -- Compiling module RAM256X1S_HD2636
# -- Compiling module RAM256X1S_HD2637
# -- Compiling module RAM256X1S_HD2638
# -- Compiling module RAM256X1S_HD2639
# -- Compiling module RAM256X1S_HD2640
# -- Compiling module RAM256X1S_HD2641
# -- Compiling module RAM256X1S_HD2642
# -- Compiling module RAM256X1S_HD2643
# -- Compiling module RAM256X1S_HD2644
# -- Compiling module RAM256X1S_HD2645
# -- Compiling module RAM256X1S_HD2646
# -- Compiling module RAM256X1S_HD2647
# -- Compiling module RAM256X1S_HD2648
# -- Compiling module RAM256X1S_HD2649
# -- Compiling module RAM256X1S_HD2650
# -- Compiling module RAM256X1S_HD2651
# -- Compiling module RAM256X1S_HD2652
# -- Compiling module RAM256X1S_HD2653
# -- Compiling module RAM256X1S_HD2654
# -- Compiling module RAM256X1S_HD2655
# -- Compiling module RAM256X1S_HD2656
# -- Compiling module RAM256X1S_HD2657
# -- Compiling module RAM256X1S_HD2658
# -- Compiling module RAM256X1S_HD2659
# -- Compiling module RAM256X1S_HD2660
# -- Compiling module RAM256X1S_HD2661
# -- Compiling module RAM256X1S_HD2662
# -- Compiling module RAM256X1S_HD2663
# -- Compiling module RAM256X1S_HD2664
# -- Compiling module RAM256X1S_HD2665
# -- Compiling module RAM256X1S_HD2666
# -- Compiling module RAM256X1S_HD2667
# -- Compiling module RAM256X1S_HD2668
# -- Compiling module RAM256X1S_HD2669
# -- Compiling module RAM256X1S_HD2670
# -- Compiling module RAM256X1S_HD2671
# -- Compiling module RAM256X1S_HD2672
# -- Compiling module RAM256X1S_HD2673
# -- Compiling module RAM256X1S_HD2674
# -- Compiling module RAM256X1S_HD2675
# -- Compiling module RAM256X1S_HD2676
# -- Compiling module RAM256X1S_HD2677
# -- Compiling module RAM256X1S_HD2678
# -- Compiling module RAM256X1S_HD2679
# -- Compiling module RAM256X1S_HD2680
# -- Compiling module RAM256X1S_HD2681
# -- Compiling module RAM256X1S_HD2682
# -- Compiling module RAM256X1S_HD2683
# -- Compiling module RAM256X1S_HD2684
# -- Compiling module RAM256X1S_HD2685
# -- Compiling module RAM256X1S_HD2686
# -- Compiling module RAM256X1S_HD2687
# -- Compiling module RAM256X1S_HD2688
# -- Compiling module RAM256X1S_HD2689
# -- Compiling module RAM256X1S_HD2690
# -- Compiling module RAM256X1S_HD2691
# -- Compiling module RAM256X1S_HD2692
# -- Compiling module RAM256X1S_HD2693
# -- Compiling module RAM256X1S_HD2694
# -- Compiling module RAM256X1S_HD2695
# -- Compiling module RAM256X1S_HD2696
# -- Compiling module RAM256X1S_HD2697
# -- Compiling module RAM256X1S_HD2698
# -- Compiling module RAM256X1S_HD2699
# -- Compiling module RAM256X1S_HD2700
# -- Compiling module RAM256X1S_HD2701
# -- Compiling module RAM256X1S_HD2702
# -- Compiling module RAM256X1S_HD2703
# -- Compiling module RAM256X1S_HD2704
# -- Compiling module RAM256X1S_HD2705
# -- Compiling module RAM256X1S_HD2706
# -- Compiling module RAM256X1S_HD2707
# -- Compiling module RAM256X1S_HD2708
# -- Compiling module RAM256X1S_HD2709
# -- Compiling module RAM256X1S_HD2710
# -- Compiling module RAM256X1S_HD2711
# -- Compiling module RAM256X1S_HD2712
# -- Compiling module RAM256X1S_HD2713
# -- Compiling module RAM256X1S_HD2714
# -- Compiling module RAM256X1S_HD2715
# -- Compiling module RAM256X1S_HD2716
# -- Compiling module RAM256X1S_HD2717
# -- Compiling module RAM256X1S_HD2718
# -- Compiling module RAM256X1S_HD2719
# -- Compiling module RAM256X1S_HD2720
# -- Compiling module RAM256X1S_HD2721
# -- Compiling module RAM256X1S_HD2722
# -- Compiling module RAM256X1S_HD2723
# -- Compiling module RAM256X1S_HD2724
# -- Compiling module RAM256X1S_HD2725
# -- Compiling module RAM256X1S_HD2726
# -- Compiling module RAM256X1S_HD2727
# -- Compiling module RAM256X1S_HD2728
# -- Compiling module RAM256X1S_HD2729
# -- Compiling module RAM256X1S_HD2730
# -- Compiling module RAM256X1S_HD2731
# -- Compiling module RAM256X1S_HD2732
# -- Compiling module RAM256X1S_HD2733
# -- Compiling module RAM256X1S_HD2734
# -- Compiling module RAM256X1S_HD2735
# -- Compiling module RAM256X1S_HD2736
# -- Compiling module RAM256X1S_HD2737
# -- Compiling module RAM256X1S_HD2738
# -- Compiling module RAM256X1S_HD2739
# -- Compiling module RAM256X1S_HD2740
# -- Compiling module RAM256X1S_HD2741
# -- Compiling module RAM256X1S_HD2742
# -- Compiling module RAM256X1S_HD2743
# -- Compiling module RAM256X1S_HD2744
# -- Compiling module RAM256X1S_HD2745
# -- Compiling module RAM256X1S_HD2746
# -- Compiling module RAM256X1S_HD2747
# -- Compiling module RAM256X1S_HD2748
# -- Compiling module RAM256X1S_HD2749
# -- Compiling module RAM256X1S_HD2750
# -- Compiling module RAM256X1S_HD2751
# -- Compiling module RAM256X1S_HD2752
# -- Compiling module RAM256X1S_HD2753
# -- Compiling module RAM256X1S_HD2754
# -- Compiling module RAM256X1S_HD2755
# -- Compiling module RAM256X1S_HD2756
# -- Compiling module RAM256X1S_HD2757
# -- Compiling module RAM256X1S_HD2758
# -- Compiling module RAM256X1S_HD2759
# -- Compiling module RAM256X1S_HD2760
# -- Compiling module RAM256X1S_HD2761
# -- Compiling module RAM256X1S_HD2762
# -- Compiling module RAM256X1S_HD2763
# -- Compiling module RAM256X1S_HD2764
# -- Compiling module RAM256X1S_HD2765
# -- Compiling module RAM256X1S_HD2766
# -- Compiling module RAM256X1S_HD2767
# -- Compiling module RAM256X1S_HD2768
# -- Compiling module RAM256X1S_HD2769
# -- Compiling module RAM256X1S_HD2770
# -- Compiling module RAM256X1S_HD2771
# -- Compiling module RAM256X1S_HD2772
# -- Compiling module RAM256X1S_HD2773
# -- Compiling module RAM256X1S_HD2774
# -- Compiling module RAM256X1S_HD2775
# -- Compiling module RAM256X1S_HD2776
# -- Compiling module RAM256X1S_HD2777
# -- Compiling module RAM256X1S_HD2778
# -- Compiling module RAM256X1S_HD2779
# -- Compiling module RAM256X1S_HD2780
# -- Compiling module RAM256X1S_HD2781
# -- Compiling module RAM256X1S_HD2782
# -- Compiling module RAM256X1S_HD2783
# -- Compiling module RAM256X1S_HD2784
# -- Compiling module RAM256X1S_HD2785
# -- Compiling module RAM256X1S_HD2786
# -- Compiling module RAM256X1S_HD2787
# -- Compiling module RAM256X1S_HD2788
# -- Compiling module RAM256X1S_HD2789
# -- Compiling module RAM256X1S_HD2790
# -- Compiling module RAM256X1S_HD2791
# -- Compiling module RAM256X1S_HD2792
# -- Compiling module RAM256X1S_HD2793
# -- Compiling module RAM256X1S_HD2794
# -- Compiling module RAM256X1S_HD2795
# -- Compiling module RAM256X1S_HD2796
# -- Compiling module RAM256X1S_HD2797
# -- Compiling module RAM256X1S_HD2798
# -- Compiling module RAM256X1S_HD2799
# -- Compiling module RAM256X1S_HD2800
# -- Compiling module RAM256X1S_HD2801
# -- Compiling module RAM256X1S_HD2802
# -- Compiling module RAM256X1S_HD2803
# -- Compiling module RAM256X1S_HD2804
# -- Compiling module RAM256X1S_HD2805
# -- Compiling module Ansynchronous
# -- Compiling module Ansynchronous1
# -- Compiling module Ansynchronous_100
# -- Compiling module Ansynchronous_1000
# -- Compiling module Ansynchronous_1001
# -- Compiling module Ansynchronous_1002
# -- Compiling module Ansynchronous_1003
# -- Compiling module Ansynchronous_1004
# -- Compiling module Ansynchronous_1005
# -- Compiling module Ansynchronous_1006
# -- Compiling module Ansynchronous_1007
# -- Compiling module Ansynchronous_1008
# -- Compiling module Ansynchronous_1009
# -- Compiling module Ansynchronous_101
# -- Compiling module Ansynchronous_1010
# -- Compiling module Ansynchronous_1011
# -- Compiling module Ansynchronous_1012
# -- Compiling module Ansynchronous_1013
# -- Compiling module Ansynchronous_1014
# -- Compiling module Ansynchronous_1015
# -- Compiling module Ansynchronous_1016
# -- Compiling module Ansynchronous_1017
# -- Compiling module Ansynchronous_1018
# -- Compiling module Ansynchronous_1019
# -- Compiling module Ansynchronous_102
# -- Compiling module Ansynchronous_1020
# -- Compiling module Ansynchronous_1021
# -- Compiling module Ansynchronous_1022
# -- Compiling module Ansynchronous_1023
# -- Compiling module Ansynchronous_1024
# -- Compiling module Ansynchronous_1026
# -- Compiling module Ansynchronous_1027
# -- Compiling module Ansynchronous_1028
# -- Compiling module Ansynchronous_1029
# -- Compiling module Ansynchronous_103
# -- Compiling module Ansynchronous_1030
# -- Compiling module Ansynchronous_1031
# -- Compiling module Ansynchronous_1032
# -- Compiling module Ansynchronous_1033
# -- Compiling module Ansynchronous_1034
# -- Compiling module Ansynchronous_1035
# -- Compiling module Ansynchronous_1036
# -- Compiling module Ansynchronous_1037
# -- Compiling module Ansynchronous_1038
# -- Compiling module Ansynchronous_1039
# -- Compiling module Ansynchronous_104
# -- Compiling module Ansynchronous_1040
# -- Compiling module Ansynchronous_1041
# -- Compiling module Ansynchronous_1042
# -- Compiling module Ansynchronous_1043
# -- Compiling module Ansynchronous_1044
# -- Compiling module Ansynchronous_1045
# -- Compiling module Ansynchronous_1046
# -- Compiling module Ansynchronous_1047
# -- Compiling module Ansynchronous_1048
# -- Compiling module Ansynchronous_1049
# -- Compiling module Ansynchronous_105
# -- Compiling module Ansynchronous_1050
# -- Compiling module Ansynchronous_1051
# -- Compiling module Ansynchronous_1052
# -- Compiling module Ansynchronous_1053
# -- Compiling module Ansynchronous_1054
# -- Compiling module Ansynchronous_1055
# -- Compiling module Ansynchronous_1056
# -- Compiling module Ansynchronous_1057
# -- Compiling module Ansynchronous_1058
# -- Compiling module Ansynchronous_1059
# -- Compiling module Ansynchronous_106
# -- Compiling module Ansynchronous_1060
# -- Compiling module Ansynchronous_1061
# -- Compiling module Ansynchronous_1062
# -- Compiling module Ansynchronous_1063
# -- Compiling module Ansynchronous_1064
# -- Compiling module Ansynchronous_1065
# -- Compiling module Ansynchronous_1066
# -- Compiling module Ansynchronous_1067
# -- Compiling module Ansynchronous_1068
# -- Compiling module Ansynchronous_1069
# -- Compiling module Ansynchronous_107
# -- Compiling module Ansynchronous_1070
# -- Compiling module Ansynchronous_1071
# -- Compiling module Ansynchronous_1072
# -- Compiling module Ansynchronous_1073
# -- Compiling module Ansynchronous_1074
# -- Compiling module Ansynchronous_1075
# -- Compiling module Ansynchronous_1076
# -- Compiling module Ansynchronous_1077
# -- Compiling module Ansynchronous_1078
# -- Compiling module Ansynchronous_1079
# -- Compiling module Ansynchronous_108
# -- Compiling module Ansynchronous_1080
# -- Compiling module Ansynchronous_1081
# -- Compiling module Ansynchronous_1082
# -- Compiling module Ansynchronous_1083
# -- Compiling module Ansynchronous_1084
# -- Compiling module Ansynchronous_1085
# -- Compiling module Ansynchronous_1086
# -- Compiling module Ansynchronous_1087
# -- Compiling module Ansynchronous_1088
# -- Compiling module Ansynchronous_1089
# -- Compiling module Ansynchronous_109
# -- Compiling module Ansynchronous_1090
# -- Compiling module Ansynchronous_1091
# -- Compiling module Ansynchronous_1093
# -- Compiling module Ansynchronous_1094
# -- Compiling module Ansynchronous_1095
# -- Compiling module Ansynchronous_1096
# -- Compiling module Ansynchronous_1097
# -- Compiling module Ansynchronous_1098
# -- Compiling module Ansynchronous_1099
# -- Compiling module Ansynchronous_110
# -- Compiling module Ansynchronous_1100
# -- Compiling module Ansynchronous_1101
# -- Compiling module Ansynchronous_1102
# -- Compiling module Ansynchronous_1103
# -- Compiling module Ansynchronous_1104
# -- Compiling module Ansynchronous_1105
# -- Compiling module Ansynchronous_1106
# -- Compiling module Ansynchronous_1107
# -- Compiling module Ansynchronous_1108
# -- Compiling module Ansynchronous_1109
# -- Compiling module Ansynchronous_111
# -- Compiling module Ansynchronous_1110
# -- Compiling module Ansynchronous_1111
# -- Compiling module Ansynchronous_1112
# -- Compiling module Ansynchronous_1113
# -- Compiling module Ansynchronous_1114
# -- Compiling module Ansynchronous_1115
# -- Compiling module Ansynchronous_1116
# -- Compiling module Ansynchronous_1117
# -- Compiling module Ansynchronous_1118
# -- Compiling module Ansynchronous_1119
# -- Compiling module Ansynchronous_112
# -- Compiling module Ansynchronous_1120
# -- Compiling module Ansynchronous_1121
# -- Compiling module Ansynchronous_1122
# -- Compiling module Ansynchronous_1123
# -- Compiling module Ansynchronous_1124
# -- Compiling module Ansynchronous_1125
# -- Compiling module Ansynchronous_1126
# -- Compiling module Ansynchronous_1127
# -- Compiling module Ansynchronous_1128
# -- Compiling module Ansynchronous_1129
# -- Compiling module Ansynchronous_113
# -- Compiling module Ansynchronous_1130
# -- Compiling module Ansynchronous_1131
# -- Compiling module Ansynchronous_1132
# -- Compiling module Ansynchronous_1133
# -- Compiling module Ansynchronous_1134
# -- Compiling module Ansynchronous_1135
# -- Compiling module Ansynchronous_1136
# -- Compiling module Ansynchronous_1137
# -- Compiling module Ansynchronous_1138
# -- Compiling module Ansynchronous_1139
# -- Compiling module Ansynchronous_114
# -- Compiling module Ansynchronous_1140
# -- Compiling module Ansynchronous_1141
# -- Compiling module Ansynchronous_1142
# -- Compiling module Ansynchronous_1143
# -- Compiling module Ansynchronous_1144
# -- Compiling module Ansynchronous_1145
# -- Compiling module Ansynchronous_1146
# -- Compiling module Ansynchronous_1147
# -- Compiling module Ansynchronous_1148
# -- Compiling module Ansynchronous_1149
# -- Compiling module Ansynchronous_115
# -- Compiling module Ansynchronous_1150
# -- Compiling module Ansynchronous_1151
# -- Compiling module Ansynchronous_1152
# -- Compiling module Ansynchronous_1153
# -- Compiling module Ansynchronous_1154
# -- Compiling module Ansynchronous_1155
# -- Compiling module Ansynchronous_1156
# -- Compiling module Ansynchronous_1157
# -- Compiling module Ansynchronous_1158
# -- Compiling module Ansynchronous_1159
# -- Compiling module Ansynchronous_116
# -- Compiling module Ansynchronous_1160
# -- Compiling module Ansynchronous_1161
# -- Compiling module Ansynchronous_1162
# -- Compiling module Ansynchronous_1163
# -- Compiling module Ansynchronous_1164
# -- Compiling module Ansynchronous_1165
# -- Compiling module Ansynchronous_1166
# -- Compiling module Ansynchronous_1167
# -- Compiling module Ansynchronous_1168
# -- Compiling module Ansynchronous_1169
# -- Compiling module Ansynchronous_117
# -- Compiling module Ansynchronous_1170
# -- Compiling module Ansynchronous_1171
# -- Compiling module Ansynchronous_1172
# -- Compiling module Ansynchronous_1173
# -- Compiling module Ansynchronous_1174
# -- Compiling module Ansynchronous_1175
# -- Compiling module Ansynchronous_1176
# -- Compiling module Ansynchronous_1177
# -- Compiling module Ansynchronous_1178
# -- Compiling module Ansynchronous_1179
# -- Compiling module Ansynchronous_118
# -- Compiling module Ansynchronous_1180
# -- Compiling module Ansynchronous_1181
# -- Compiling module Ansynchronous_1182
# -- Compiling module Ansynchronous_1183
# -- Compiling module Ansynchronous_1184
# -- Compiling module Ansynchronous_1185
# -- Compiling module Ansynchronous_1186
# -- Compiling module Ansynchronous_1187
# -- Compiling module Ansynchronous_1188
# -- Compiling module Ansynchronous_119
# -- Compiling module Ansynchronous_120
# -- Compiling module Ansynchronous_121
# -- Compiling module Ansynchronous_122
# -- Compiling module Ansynchronous_123
# -- Compiling module Ansynchronous_124
# -- Compiling module Ansynchronous_125
# -- Compiling module Ansynchronous_126
# -- Compiling module Ansynchronous_127
# -- Compiling module Ansynchronous_128
# -- Compiling module Ansynchronous_129
# -- Compiling module Ansynchronous_130
# -- Compiling module Ansynchronous_131
# -- Compiling module Ansynchronous_132
# -- Compiling module Ansynchronous_133
# -- Compiling module Ansynchronous_134
# -- Compiling module Ansynchronous_135
# -- Compiling module Ansynchronous_136
# -- Compiling module Ansynchronous_137
# -- Compiling module Ansynchronous_138
# -- Compiling module Ansynchronous_139
# -- Compiling module Ansynchronous_140
# -- Compiling module Ansynchronous_141
# -- Compiling module Ansynchronous_142
# -- Compiling module Ansynchronous_143
# -- Compiling module Ansynchronous_144
# -- Compiling module Ansynchronous_145
# -- Compiling module Ansynchronous_146
# -- Compiling module Ansynchronous_147
# -- Compiling module Ansynchronous_148
# -- Compiling module Ansynchronous_149
# -- Compiling module Ansynchronous_150
# -- Compiling module Ansynchronous_151
# -- Compiling module Ansynchronous_152
# -- Compiling module Ansynchronous_153
# -- Compiling module Ansynchronous_154
# -- Compiling module Ansynchronous_155
# -- Compiling module Ansynchronous_156
# -- Compiling module Ansynchronous_157
# -- Compiling module Ansynchronous_158
# -- Compiling module Ansynchronous_159
# -- Compiling module Ansynchronous_160
# -- Compiling module Ansynchronous_161
# -- Compiling module Ansynchronous_162
# -- Compiling module Ansynchronous_163
# -- Compiling module Ansynchronous_164
# -- Compiling module Ansynchronous_165
# -- Compiling module Ansynchronous_166
# -- Compiling module Ansynchronous_167
# -- Compiling module Ansynchronous_168
# -- Compiling module Ansynchronous_169
# -- Compiling module Ansynchronous_170
# -- Compiling module Ansynchronous_171
# -- Compiling module Ansynchronous_172
# -- Compiling module Ansynchronous_173
# -- Compiling module Ansynchronous_174
# -- Compiling module Ansynchronous_175
# -- Compiling module Ansynchronous_176
# -- Compiling module Ansynchronous_177
# -- Compiling module Ansynchronous_178
# -- Compiling module Ansynchronous_179
# -- Compiling module Ansynchronous_180
# -- Compiling module Ansynchronous_181
# -- Compiling module Ansynchronous_182
# -- Compiling module Ansynchronous_183
# -- Compiling module Ansynchronous_184
# -- Compiling module Ansynchronous_185
# -- Compiling module Ansynchronous_186
# -- Compiling module Ansynchronous_187
# -- Compiling module Ansynchronous_188
# -- Compiling module Ansynchronous_189
# -- Compiling module Ansynchronous_190
# -- Compiling module Ansynchronous_191
# -- Compiling module Ansynchronous_192
# -- Compiling module Ansynchronous_193
# -- Compiling module Ansynchronous_194
# -- Compiling module Ansynchronous_195
# -- Compiling module Ansynchronous_196
# -- Compiling module Ansynchronous_197
# -- Compiling module Ansynchronous_198
# -- Compiling module Ansynchronous_199
# -- Compiling module Ansynchronous_200
# -- Compiling module Ansynchronous_201
# -- Compiling module Ansynchronous_202
# -- Compiling module Ansynchronous_203
# -- Compiling module Ansynchronous_204
# -- Compiling module Ansynchronous_205
# -- Compiling module Ansynchronous_206
# -- Compiling module Ansynchronous_207
# -- Compiling module Ansynchronous_208
# -- Compiling module Ansynchronous_209
# -- Compiling module Ansynchronous_210
# -- Compiling module Ansynchronous_211
# -- Compiling module Ansynchronous_212
# -- Compiling module Ansynchronous_213
# -- Compiling module Ansynchronous_214
# -- Compiling module Ansynchronous_215
# -- Compiling module Ansynchronous_216
# -- Compiling module Ansynchronous_217
# -- Compiling module Ansynchronous_218
# -- Compiling module Ansynchronous_219
# -- Compiling module Ansynchronous_220
# -- Compiling module Ansynchronous_221
# -- Compiling module Ansynchronous_222
# -- Compiling module Ansynchronous_223
# -- Compiling module Ansynchronous_224
# -- Compiling module Ansynchronous_225
# -- Compiling module Ansynchronous_226
# -- Compiling module Ansynchronous_227
# -- Compiling module Ansynchronous_228
# -- Compiling module Ansynchronous_229
# -- Compiling module Ansynchronous_230
# -- Compiling module Ansynchronous_231
# -- Compiling module Ansynchronous_232
# -- Compiling module Ansynchronous_233
# -- Compiling module Ansynchronous_234
# -- Compiling module Ansynchronous_235
# -- Compiling module Ansynchronous_236
# -- Compiling module Ansynchronous_237
# -- Compiling module Ansynchronous_238
# -- Compiling module Ansynchronous_239
# -- Compiling module Ansynchronous_240
# -- Compiling module Ansynchronous_241
# -- Compiling module Ansynchronous_242
# -- Compiling module Ansynchronous_243
# -- Compiling module Ansynchronous_244
# -- Compiling module Ansynchronous_245
# -- Compiling module Ansynchronous_246
# -- Compiling module Ansynchronous_247
# -- Compiling module Ansynchronous_248
# -- Compiling module Ansynchronous_249
# -- Compiling module Ansynchronous_250
# -- Compiling module Ansynchronous_251
# -- Compiling module Ansynchronous_252
# -- Compiling module Ansynchronous_253
# -- Compiling module Ansynchronous_254
# -- Compiling module Ansynchronous_255
# -- Compiling module Ansynchronous_256
# -- Compiling module Ansynchronous_257
# -- Compiling module Ansynchronous_258
# -- Compiling module Ansynchronous_259
# -- Compiling module Ansynchronous_260
# -- Compiling module Ansynchronous_261
# -- Compiling module Ansynchronous_262
# -- Compiling module Ansynchronous_263
# -- Compiling module Ansynchronous_264
# -- Compiling module Ansynchronous_265
# -- Compiling module Ansynchronous_266
# -- Compiling module Ansynchronous_267
# -- Compiling module Ansynchronous_268
# -- Compiling module Ansynchronous_269
# -- Compiling module Ansynchronous_270
# -- Compiling module Ansynchronous_271
# -- Compiling module Ansynchronous_272
# -- Compiling module Ansynchronous_273
# -- Compiling module Ansynchronous_274
# -- Compiling module Ansynchronous_275
# -- Compiling module Ansynchronous_276
# -- Compiling module Ansynchronous_277
# -- Compiling module Ansynchronous_278
# -- Compiling module Ansynchronous_279
# -- Compiling module Ansynchronous_280
# -- Compiling module Ansynchronous_281
# -- Compiling module Ansynchronous_282
# -- Compiling module Ansynchronous_283
# -- Compiling module Ansynchronous_284
# -- Compiling module Ansynchronous_285
# -- Compiling module Ansynchronous_286
# -- Compiling module Ansynchronous_287
# -- Compiling module Ansynchronous_288
# -- Compiling module Ansynchronous_289
# -- Compiling module Ansynchronous_290
# -- Compiling module Ansynchronous_291
# -- Compiling module Ansynchronous_292
# -- Compiling module Ansynchronous_293
# -- Compiling module Ansynchronous_294
# -- Compiling module Ansynchronous_295
# -- Compiling module Ansynchronous_296
# -- Compiling module Ansynchronous_297
# -- Compiling module Ansynchronous_298
# -- Compiling module Ansynchronous_299
# -- Compiling module Ansynchronous_300
# -- Compiling module Ansynchronous_301
# -- Compiling module Ansynchronous_302
# -- Compiling module Ansynchronous_303
# -- Compiling module Ansynchronous_304
# -- Compiling module Ansynchronous_305
# -- Compiling module Ansynchronous_306
# -- Compiling module Ansynchronous_307
# -- Compiling module Ansynchronous_308
# -- Compiling module Ansynchronous_309
# -- Compiling module Ansynchronous_310
# -- Compiling module Ansynchronous_311
# -- Compiling module Ansynchronous_312
# -- Compiling module Ansynchronous_313
# -- Compiling module Ansynchronous_314
# -- Compiling module Ansynchronous_315
# -- Compiling module Ansynchronous_316
# -- Compiling module Ansynchronous_317
# -- Compiling module Ansynchronous_318
# -- Compiling module Ansynchronous_319
# -- Compiling module Ansynchronous_320
# -- Compiling module Ansynchronous_321
# -- Compiling module Ansynchronous_322
# -- Compiling module Ansynchronous_323
# -- Compiling module Ansynchronous_324
# -- Compiling module Ansynchronous_325
# -- Compiling module Ansynchronous_326
# -- Compiling module Ansynchronous_327
# -- Compiling module Ansynchronous_328
# -- Compiling module Ansynchronous_329
# -- Compiling module Ansynchronous_330
# -- Compiling module Ansynchronous_331
# -- Compiling module Ansynchronous_332
# -- Compiling module Ansynchronous_333
# -- Compiling module Ansynchronous_334
# -- Compiling module Ansynchronous_335
# -- Compiling module Ansynchronous_336
# -- Compiling module Ansynchronous_337
# -- Compiling module Ansynchronous_338
# -- Compiling module Ansynchronous_339
# -- Compiling module Ansynchronous_34
# -- Compiling module Ansynchronous_340
# -- Compiling module Ansynchronous_341
# -- Compiling module Ansynchronous_342
# -- Compiling module Ansynchronous_343
# -- Compiling module Ansynchronous_344
# -- Compiling module Ansynchronous_345
# -- Compiling module Ansynchronous_346
# -- Compiling module Ansynchronous_347
# -- Compiling module Ansynchronous_348
# -- Compiling module Ansynchronous_349
# -- Compiling module Ansynchronous_35
# -- Compiling module Ansynchronous_350
# -- Compiling module Ansynchronous_351
# -- Compiling module Ansynchronous_352
# -- Compiling module Ansynchronous_353
# -- Compiling module Ansynchronous_354
# -- Compiling module Ansynchronous_355
# -- Compiling module Ansynchronous_356
# -- Compiling module Ansynchronous_357
# -- Compiling module Ansynchronous_358
# -- Compiling module Ansynchronous_359
# -- Compiling module Ansynchronous_36
# -- Compiling module Ansynchronous_360
# -- Compiling module Ansynchronous_361
# -- Compiling module Ansynchronous_362
# -- Compiling module Ansynchronous_363
# -- Compiling module Ansynchronous_364
# -- Compiling module Ansynchronous_365
# -- Compiling module Ansynchronous_366
# -- Compiling module Ansynchronous_367
# -- Compiling module Ansynchronous_368
# -- Compiling module Ansynchronous_369
# -- Compiling module Ansynchronous_37
# -- Compiling module Ansynchronous_370
# -- Compiling module Ansynchronous_371
# -- Compiling module Ansynchronous_372
# -- Compiling module Ansynchronous_373
# -- Compiling module Ansynchronous_374
# -- Compiling module Ansynchronous_375
# -- Compiling module Ansynchronous_376
# -- Compiling module Ansynchronous_377
# -- Compiling module Ansynchronous_378
# -- Compiling module Ansynchronous_379
# -- Compiling module Ansynchronous_38
# -- Compiling module Ansynchronous_380
# -- Compiling module Ansynchronous_381
# -- Compiling module Ansynchronous_382
# -- Compiling module Ansynchronous_383
# -- Compiling module Ansynchronous_384
# -- Compiling module Ansynchronous_385
# -- Compiling module Ansynchronous_386
# -- Compiling module Ansynchronous_387
# -- Compiling module Ansynchronous_388
# -- Compiling module Ansynchronous_389
# -- Compiling module Ansynchronous_39
# -- Compiling module Ansynchronous_390
# -- Compiling module Ansynchronous_391
# -- Compiling module Ansynchronous_392
# -- Compiling module Ansynchronous_393
# -- Compiling module Ansynchronous_394
# -- Compiling module Ansynchronous_395
# -- Compiling module Ansynchronous_396
# -- Compiling module Ansynchronous_397
# -- Compiling module Ansynchronous_398
# -- Compiling module Ansynchronous_399
# -- Compiling module Ansynchronous_40
# -- Compiling module Ansynchronous_400
# -- Compiling module Ansynchronous_401
# -- Compiling module Ansynchronous_402
# -- Compiling module Ansynchronous_403
# -- Compiling module Ansynchronous_404
# -- Compiling module Ansynchronous_405
# -- Compiling module Ansynchronous_406
# -- Compiling module Ansynchronous_407
# -- Compiling module Ansynchronous_408
# -- Compiling module Ansynchronous_409
# -- Compiling module Ansynchronous_41
# -- Compiling module Ansynchronous_410
# -- Compiling module Ansynchronous_411
# -- Compiling module Ansynchronous_412
# -- Compiling module Ansynchronous_413
# -- Compiling module Ansynchronous_414
# -- Compiling module Ansynchronous_415
# -- Compiling module Ansynchronous_416
# -- Compiling module Ansynchronous_417
# -- Compiling module Ansynchronous_418
# -- Compiling module Ansynchronous_419
# -- Compiling module Ansynchronous_42
# -- Compiling module Ansynchronous_420
# -- Compiling module Ansynchronous_421
# -- Compiling module Ansynchronous_422
# -- Compiling module Ansynchronous_423
# -- Compiling module Ansynchronous_424
# -- Compiling module Ansynchronous_425
# -- Compiling module Ansynchronous_426
# -- Compiling module Ansynchronous_427
# -- Compiling module Ansynchronous_428
# -- Compiling module Ansynchronous_429
# -- Compiling module Ansynchronous_43
# -- Compiling module Ansynchronous_430
# -- Compiling module Ansynchronous_431
# -- Compiling module Ansynchronous_432
# -- Compiling module Ansynchronous_433
# -- Compiling module Ansynchronous_434
# -- Compiling module Ansynchronous_435
# -- Compiling module Ansynchronous_436
# -- Compiling module Ansynchronous_437
# -- Compiling module Ansynchronous_438
# -- Compiling module Ansynchronous_439
# -- Compiling module Ansynchronous_44
# -- Compiling module Ansynchronous_440
# -- Compiling module Ansynchronous_441
# -- Compiling module Ansynchronous_442
# -- Compiling module Ansynchronous_443
# -- Compiling module Ansynchronous_444
# -- Compiling module Ansynchronous_445
# -- Compiling module Ansynchronous_446
# -- Compiling module Ansynchronous_447
# -- Compiling module Ansynchronous_448
# -- Compiling module Ansynchronous_449
# -- Compiling module Ansynchronous_45
# -- Compiling module Ansynchronous_450
# -- Compiling module Ansynchronous_451
# -- Compiling module Ansynchronous_452
# -- Compiling module Ansynchronous_453
# -- Compiling module Ansynchronous_454
# -- Compiling module Ansynchronous_455
# -- Compiling module Ansynchronous_456
# -- Compiling module Ansynchronous_457
# -- Compiling module Ansynchronous_458
# -- Compiling module Ansynchronous_459
# -- Compiling module Ansynchronous_46
# -- Compiling module Ansynchronous_460
# -- Compiling module Ansynchronous_461
# -- Compiling module Ansynchronous_462
# -- Compiling module Ansynchronous_463
# -- Compiling module Ansynchronous_464
# -- Compiling module Ansynchronous_465
# -- Compiling module Ansynchronous_466
# -- Compiling module Ansynchronous_467
# -- Compiling module Ansynchronous_468
# -- Compiling module Ansynchronous_469
# -- Compiling module Ansynchronous_47
# -- Compiling module Ansynchronous_470
# -- Compiling module Ansynchronous_471
# -- Compiling module Ansynchronous_472
# -- Compiling module Ansynchronous_473
# -- Compiling module Ansynchronous_474
# -- Compiling module Ansynchronous_475
# -- Compiling module Ansynchronous_476
# -- Compiling module Ansynchronous_477
# -- Compiling module Ansynchronous_478
# -- Compiling module Ansynchronous_479
# -- Compiling module Ansynchronous_48
# -- Compiling module Ansynchronous_480
# -- Compiling module Ansynchronous_481
# -- Compiling module Ansynchronous_482
# -- Compiling module Ansynchronous_483
# -- Compiling module Ansynchronous_484
# -- Compiling module Ansynchronous_485
# -- Compiling module Ansynchronous_486
# -- Compiling module Ansynchronous_487
# -- Compiling module Ansynchronous_488
# -- Compiling module Ansynchronous_489
# -- Compiling module Ansynchronous_49
# -- Compiling module Ansynchronous_490
# -- Compiling module Ansynchronous_491
# -- Compiling module Ansynchronous_492
# -- Compiling module Ansynchronous_493
# -- Compiling module Ansynchronous_494
# -- Compiling module Ansynchronous_495
# -- Compiling module Ansynchronous_496
# -- Compiling module Ansynchronous_497
# -- Compiling module Ansynchronous_498
# -- Compiling module Ansynchronous_499
# -- Compiling module Ansynchronous_50
# -- Compiling module Ansynchronous_500
# -- Compiling module Ansynchronous_501
# -- Compiling module Ansynchronous_502
# -- Compiling module Ansynchronous_503
# -- Compiling module Ansynchronous_504
# -- Compiling module Ansynchronous_505
# -- Compiling module Ansynchronous_506
# -- Compiling module Ansynchronous_507
# -- Compiling module Ansynchronous_508
# -- Compiling module Ansynchronous_509
# -- Compiling module Ansynchronous_51
# -- Compiling module Ansynchronous_510
# -- Compiling module Ansynchronous_511
# -- Compiling module Ansynchronous_512
# -- Compiling module Ansynchronous_513
# -- Compiling module Ansynchronous_514
# -- Compiling module Ansynchronous_515
# -- Compiling module Ansynchronous_516
# -- Compiling module Ansynchronous_517
# -- Compiling module Ansynchronous_518
# -- Compiling module Ansynchronous_519
# -- Compiling module Ansynchronous_52
# -- Compiling module Ansynchronous_520
# -- Compiling module Ansynchronous_521
# -- Compiling module Ansynchronous_522
# -- Compiling module Ansynchronous_523
# -- Compiling module Ansynchronous_524
# -- Compiling module Ansynchronous_525
# -- Compiling module Ansynchronous_526
# -- Compiling module Ansynchronous_527
# -- Compiling module Ansynchronous_528
# -- Compiling module Ansynchronous_529
# -- Compiling module Ansynchronous_53
# -- Compiling module Ansynchronous_530
# -- Compiling module Ansynchronous_531
# -- Compiling module Ansynchronous_532
# -- Compiling module Ansynchronous_533
# -- Compiling module Ansynchronous_534
# -- Compiling module Ansynchronous_535
# -- Compiling module Ansynchronous_536
# -- Compiling module Ansynchronous_537
# -- Compiling module Ansynchronous_538
# -- Compiling module Ansynchronous_539
# -- Compiling module Ansynchronous_54
# -- Compiling module Ansynchronous_540
# -- Compiling module Ansynchronous_541
# -- Compiling module Ansynchronous_542
# -- Compiling module Ansynchronous_543
# -- Compiling module Ansynchronous_544
# -- Compiling module Ansynchronous_545
# -- Compiling module Ansynchronous_546
# -- Compiling module Ansynchronous_547
# -- Compiling module Ansynchronous_548
# -- Compiling module Ansynchronous_549
# -- Compiling module Ansynchronous_55
# -- Compiling module Ansynchronous_550
# -- Compiling module Ansynchronous_551
# -- Compiling module Ansynchronous_552
# -- Compiling module Ansynchronous_553
# -- Compiling module Ansynchronous_554
# -- Compiling module Ansynchronous_555
# -- Compiling module Ansynchronous_556
# -- Compiling module Ansynchronous_557
# -- Compiling module Ansynchronous_558
# -- Compiling module Ansynchronous_559
# -- Compiling module Ansynchronous_56
# -- Compiling module Ansynchronous_560
# -- Compiling module Ansynchronous_561
# -- Compiling module Ansynchronous_562
# -- Compiling module Ansynchronous_563
# -- Compiling module Ansynchronous_564
# -- Compiling module Ansynchronous_565
# -- Compiling module Ansynchronous_566
# -- Compiling module Ansynchronous_567
# -- Compiling module Ansynchronous_568
# -- Compiling module Ansynchronous_569
# -- Compiling module Ansynchronous_57
# -- Compiling module Ansynchronous_570
# -- Compiling module Ansynchronous_571
# -- Compiling module Ansynchronous_572
# -- Compiling module Ansynchronous_573
# -- Compiling module Ansynchronous_574
# -- Compiling module Ansynchronous_575
# -- Compiling module Ansynchronous_576
# -- Compiling module Ansynchronous_577
# -- Compiling module Ansynchronous_578
# -- Compiling module Ansynchronous_579
# -- Compiling module Ansynchronous_58
# -- Compiling module Ansynchronous_580
# -- Compiling module Ansynchronous_581
# -- Compiling module Ansynchronous_582
# -- Compiling module Ansynchronous_583
# -- Compiling module Ansynchronous_584
# -- Compiling module Ansynchronous_585
# -- Compiling module Ansynchronous_586
# -- Compiling module Ansynchronous_587
# -- Compiling module Ansynchronous_588
# -- Compiling module Ansynchronous_589
# -- Compiling module Ansynchronous_59
# -- Compiling module Ansynchronous_590
# -- Compiling module Ansynchronous_591
# -- Compiling module Ansynchronous_592
# -- Compiling module Ansynchronous_593
# -- Compiling module Ansynchronous_594
# -- Compiling module Ansynchronous_595
# -- Compiling module Ansynchronous_596
# -- Compiling module Ansynchronous_597
# -- Compiling module Ansynchronous_598
# -- Compiling module Ansynchronous_599
# -- Compiling module Ansynchronous_60
# -- Compiling module Ansynchronous_600
# -- Compiling module Ansynchronous_601
# -- Compiling module Ansynchronous_602
# -- Compiling module Ansynchronous_603
# -- Compiling module Ansynchronous_604
# -- Compiling module Ansynchronous_605
# -- Compiling module Ansynchronous_606
# -- Compiling module Ansynchronous_607
# -- Compiling module Ansynchronous_608
# -- Compiling module Ansynchronous_609
# -- Compiling module Ansynchronous_61
# -- Compiling module Ansynchronous_610
# -- Compiling module Ansynchronous_611
# -- Compiling module Ansynchronous_612
# -- Compiling module Ansynchronous_613
# -- Compiling module Ansynchronous_614
# -- Compiling module Ansynchronous_615
# -- Compiling module Ansynchronous_616
# -- Compiling module Ansynchronous_617
# -- Compiling module Ansynchronous_618
# -- Compiling module Ansynchronous_619
# -- Compiling module Ansynchronous_62
# -- Compiling module Ansynchronous_620
# -- Compiling module Ansynchronous_621
# -- Compiling module Ansynchronous_622
# -- Compiling module Ansynchronous_623
# -- Compiling module Ansynchronous_624
# -- Compiling module Ansynchronous_625
# -- Compiling module Ansynchronous_626
# -- Compiling module Ansynchronous_627
# -- Compiling module Ansynchronous_628
# -- Compiling module Ansynchronous_629
# -- Compiling module Ansynchronous_63
# -- Compiling module Ansynchronous_630
# -- Compiling module Ansynchronous_631
# -- Compiling module Ansynchronous_632
# -- Compiling module Ansynchronous_633
# -- Compiling module Ansynchronous_634
# -- Compiling module Ansynchronous_635
# -- Compiling module Ansynchronous_636
# -- Compiling module Ansynchronous_637
# -- Compiling module Ansynchronous_638
# -- Compiling module Ansynchronous_639
# -- Compiling module Ansynchronous_64
# -- Compiling module Ansynchronous_640
# -- Compiling module Ansynchronous_641
# -- Compiling module Ansynchronous_642
# -- Compiling module Ansynchronous_643
# -- Compiling module Ansynchronous_644
# -- Compiling module Ansynchronous_645
# -- Compiling module Ansynchronous_646
# -- Compiling module Ansynchronous_647
# -- Compiling module Ansynchronous_648
# -- Compiling module Ansynchronous_649
# -- Compiling module Ansynchronous_65
# -- Compiling module Ansynchronous_650
# -- Compiling module Ansynchronous_651
# -- Compiling module Ansynchronous_652
# -- Compiling module Ansynchronous_653
# -- Compiling module Ansynchronous_654
# -- Compiling module Ansynchronous_655
# -- Compiling module Ansynchronous_656
# -- Compiling module Ansynchronous_657
# -- Compiling module Ansynchronous_658
# -- Compiling module Ansynchronous_659
# -- Compiling module Ansynchronous_66
# -- Compiling module Ansynchronous_660
# -- Compiling module Ansynchronous_661
# -- Compiling module Ansynchronous_662
# -- Compiling module Ansynchronous_663
# -- Compiling module Ansynchronous_664
# -- Compiling module Ansynchronous_665
# -- Compiling module Ansynchronous_666
# -- Compiling module Ansynchronous_667
# -- Compiling module Ansynchronous_668
# -- Compiling module Ansynchronous_669
# -- Compiling module Ansynchronous_67
# -- Compiling module Ansynchronous_670
# -- Compiling module Ansynchronous_671
# -- Compiling module Ansynchronous_672
# -- Compiling module Ansynchronous_673
# -- Compiling module Ansynchronous_674
# -- Compiling module Ansynchronous_675
# -- Compiling module Ansynchronous_676
# -- Compiling module Ansynchronous_677
# -- Compiling module Ansynchronous_678
# -- Compiling module Ansynchronous_679
# -- Compiling module Ansynchronous_68
# -- Compiling module Ansynchronous_680
# -- Compiling module Ansynchronous_681
# -- Compiling module Ansynchronous_682
# -- Compiling module Ansynchronous_683
# -- Compiling module Ansynchronous_684
# -- Compiling module Ansynchronous_685
# -- Compiling module Ansynchronous_686
# -- Compiling module Ansynchronous_687
# -- Compiling module Ansynchronous_688
# -- Compiling module Ansynchronous_689
# -- Compiling module Ansynchronous_69
# -- Compiling module Ansynchronous_690
# -- Compiling module Ansynchronous_691
# -- Compiling module Ansynchronous_692
# -- Compiling module Ansynchronous_693
# -- Compiling module Ansynchronous_694
# -- Compiling module Ansynchronous_695
# -- Compiling module Ansynchronous_696
# -- Compiling module Ansynchronous_697
# -- Compiling module Ansynchronous_698
# -- Compiling module Ansynchronous_699
# -- Compiling module Ansynchronous_70
# -- Compiling module Ansynchronous_700
# -- Compiling module Ansynchronous_701
# -- Compiling module Ansynchronous_702
# -- Compiling module Ansynchronous_703
# -- Compiling module Ansynchronous_704
# -- Compiling module Ansynchronous_705
# -- Compiling module Ansynchronous_706
# -- Compiling module Ansynchronous_707
# -- Compiling module Ansynchronous_708
# -- Compiling module Ansynchronous_709
# -- Compiling module Ansynchronous_71
# -- Compiling module Ansynchronous_710
# -- Compiling module Ansynchronous_711
# -- Compiling module Ansynchronous_712
# -- Compiling module Ansynchronous_713
# -- Compiling module Ansynchronous_714
# -- Compiling module Ansynchronous_715
# -- Compiling module Ansynchronous_716
# -- Compiling module Ansynchronous_717
# -- Compiling module Ansynchronous_718
# -- Compiling module Ansynchronous_719
# -- Compiling module Ansynchronous_72
# -- Compiling module Ansynchronous_720
# -- Compiling module Ansynchronous_721
# -- Compiling module Ansynchronous_722
# -- Compiling module Ansynchronous_723
# -- Compiling module Ansynchronous_724
# -- Compiling module Ansynchronous_725
# -- Compiling module Ansynchronous_726
# -- Compiling module Ansynchronous_727
# -- Compiling module Ansynchronous_728
# -- Compiling module Ansynchronous_729
# -- Compiling module Ansynchronous_73
# -- Compiling module Ansynchronous_730
# -- Compiling module Ansynchronous_731
# -- Compiling module Ansynchronous_732
# -- Compiling module Ansynchronous_733
# -- Compiling module Ansynchronous_734
# -- Compiling module Ansynchronous_735
# -- Compiling module Ansynchronous_736
# -- Compiling module Ansynchronous_737
# -- Compiling module Ansynchronous_738
# -- Compiling module Ansynchronous_739
# -- Compiling module Ansynchronous_74
# -- Compiling module Ansynchronous_740
# -- Compiling module Ansynchronous_741
# -- Compiling module Ansynchronous_742
# -- Compiling module Ansynchronous_743
# -- Compiling module Ansynchronous_744
# -- Compiling module Ansynchronous_745
# -- Compiling module Ansynchronous_746
# -- Compiling module Ansynchronous_747
# -- Compiling module Ansynchronous_748
# -- Compiling module Ansynchronous_749
# -- Compiling module Ansynchronous_75
# -- Compiling module Ansynchronous_750
# -- Compiling module Ansynchronous_751
# -- Compiling module Ansynchronous_752
# -- Compiling module Ansynchronous_753
# -- Compiling module Ansynchronous_754
# -- Compiling module Ansynchronous_755
# -- Compiling module Ansynchronous_756
# -- Compiling module Ansynchronous_757
# -- Compiling module Ansynchronous_758
# -- Compiling module Ansynchronous_759
# -- Compiling module Ansynchronous_76
# -- Compiling module Ansynchronous_760
# -- Compiling module Ansynchronous_761
# -- Compiling module Ansynchronous_762
# -- Compiling module Ansynchronous_763
# -- Compiling module Ansynchronous_764
# -- Compiling module Ansynchronous_765
# -- Compiling module Ansynchronous_766
# -- Compiling module Ansynchronous_767
# -- Compiling module Ansynchronous_768
# -- Compiling module Ansynchronous_769
# -- Compiling module Ansynchronous_77
# -- Compiling module Ansynchronous_770
# -- Compiling module Ansynchronous_771
# -- Compiling module Ansynchronous_772
# -- Compiling module Ansynchronous_773
# -- Compiling module Ansynchronous_774
# -- Compiling module Ansynchronous_775
# -- Compiling module Ansynchronous_776
# -- Compiling module Ansynchronous_777
# -- Compiling module Ansynchronous_778
# -- Compiling module Ansynchronous_779
# -- Compiling module Ansynchronous_78
# -- Compiling module Ansynchronous_780
# -- Compiling module Ansynchronous_781
# -- Compiling module Ansynchronous_782
# -- Compiling module Ansynchronous_783
# -- Compiling module Ansynchronous_784
# -- Compiling module Ansynchronous_785
# -- Compiling module Ansynchronous_786
# -- Compiling module Ansynchronous_787
# -- Compiling module Ansynchronous_788
# -- Compiling module Ansynchronous_789
# -- Compiling module Ansynchronous_79
# -- Compiling module Ansynchronous_790
# -- Compiling module Ansynchronous_791
# -- Compiling module Ansynchronous_792
# -- Compiling module Ansynchronous_793
# -- Compiling module Ansynchronous_794
# -- Compiling module Ansynchronous_795
# -- Compiling module Ansynchronous_796
# -- Compiling module Ansynchronous_797
# -- Compiling module Ansynchronous_798
# -- Compiling module Ansynchronous_799
# -- Compiling module Ansynchronous_80
# -- Compiling module Ansynchronous_800
# -- Compiling module Ansynchronous_801
# -- Compiling module Ansynchronous_802
# -- Compiling module Ansynchronous_803
# -- Compiling module Ansynchronous_804
# -- Compiling module Ansynchronous_805
# -- Compiling module Ansynchronous_806
# -- Compiling module Ansynchronous_807
# -- Compiling module Ansynchronous_808
# -- Compiling module Ansynchronous_809
# -- Compiling module Ansynchronous_81
# -- Compiling module Ansynchronous_810
# -- Compiling module Ansynchronous_811
# -- Compiling module Ansynchronous_812
# -- Compiling module Ansynchronous_813
# -- Compiling module Ansynchronous_814
# -- Compiling module Ansynchronous_815
# -- Compiling module Ansynchronous_816
# -- Compiling module Ansynchronous_817
# -- Compiling module Ansynchronous_818
# -- Compiling module Ansynchronous_819
# -- Compiling module Ansynchronous_82
# -- Compiling module Ansynchronous_820
# -- Compiling module Ansynchronous_821
# -- Compiling module Ansynchronous_822
# -- Compiling module Ansynchronous_823
# -- Compiling module Ansynchronous_824
# -- Compiling module Ansynchronous_825
# -- Compiling module Ansynchronous_826
# -- Compiling module Ansynchronous_827
# -- Compiling module Ansynchronous_828
# -- Compiling module Ansynchronous_829
# -- Compiling module Ansynchronous_83
# -- Compiling module Ansynchronous_830
# -- Compiling module Ansynchronous_831
# -- Compiling module Ansynchronous_832
# -- Compiling module Ansynchronous_833
# -- Compiling module Ansynchronous_834
# -- Compiling module Ansynchronous_835
# -- Compiling module Ansynchronous_836
# -- Compiling module Ansynchronous_837
# -- Compiling module Ansynchronous_838
# -- Compiling module Ansynchronous_839
# -- Compiling module Ansynchronous_84
# -- Compiling module Ansynchronous_840
# -- Compiling module Ansynchronous_841
# -- Compiling module Ansynchronous_842
# -- Compiling module Ansynchronous_843
# -- Compiling module Ansynchronous_844
# -- Compiling module Ansynchronous_845
# -- Compiling module Ansynchronous_846
# -- Compiling module Ansynchronous_847
# -- Compiling module Ansynchronous_848
# -- Compiling module Ansynchronous_849
# -- Compiling module Ansynchronous_85
# -- Compiling module Ansynchronous_850
# -- Compiling module Ansynchronous_851
# -- Compiling module Ansynchronous_852
# -- Compiling module Ansynchronous_853
# -- Compiling module Ansynchronous_854
# -- Compiling module Ansynchronous_855
# -- Compiling module Ansynchronous_856
# -- Compiling module Ansynchronous_857
# -- Compiling module Ansynchronous_858
# -- Compiling module Ansynchronous_859
# -- Compiling module Ansynchronous_86
# -- Compiling module Ansynchronous_860
# -- Compiling module Ansynchronous_861
# -- Compiling module Ansynchronous_862
# -- Compiling module Ansynchronous_863
# -- Compiling module Ansynchronous_864
# -- Compiling module Ansynchronous_865
# -- Compiling module Ansynchronous_866
# -- Compiling module Ansynchronous_867
# -- Compiling module Ansynchronous_868
# -- Compiling module Ansynchronous_869
# -- Compiling module Ansynchronous_87
# -- Compiling module Ansynchronous_870
# -- Compiling module Ansynchronous_871
# -- Compiling module Ansynchronous_872
# -- Compiling module Ansynchronous_873
# -- Compiling module Ansynchronous_874
# -- Compiling module Ansynchronous_875
# -- Compiling module Ansynchronous_876
# -- Compiling module Ansynchronous_877
# -- Compiling module Ansynchronous_878
# -- Compiling module Ansynchronous_879
# -- Compiling module Ansynchronous_88
# -- Compiling module Ansynchronous_880
# -- Compiling module Ansynchronous_881
# -- Compiling module Ansynchronous_882
# -- Compiling module Ansynchronous_883
# -- Compiling module Ansynchronous_884
# -- Compiling module Ansynchronous_885
# -- Compiling module Ansynchronous_886
# -- Compiling module Ansynchronous_887
# -- Compiling module Ansynchronous_888
# -- Compiling module Ansynchronous_889
# -- Compiling module Ansynchronous_89
# -- Compiling module Ansynchronous_890
# -- Compiling module Ansynchronous_891
# -- Compiling module Ansynchronous_892
# -- Compiling module Ansynchronous_893
# -- Compiling module Ansynchronous_894
# -- Compiling module Ansynchronous_895
# -- Compiling module Ansynchronous_896
# -- Compiling module Ansynchronous_897
# -- Compiling module Ansynchronous_898
# -- Compiling module Ansynchronous_899
# -- Compiling module Ansynchronous_90
# -- Compiling module Ansynchronous_900
# -- Compiling module Ansynchronous_901
# -- Compiling module Ansynchronous_902
# -- Compiling module Ansynchronous_903
# -- Compiling module Ansynchronous_904
# -- Compiling module Ansynchronous_905
# -- Compiling module Ansynchronous_906
# -- Compiling module Ansynchronous_907
# -- Compiling module Ansynchronous_908
# -- Compiling module Ansynchronous_909
# -- Compiling module Ansynchronous_91
# -- Compiling module Ansynchronous_910
# -- Compiling module Ansynchronous_911
# -- Compiling module Ansynchronous_912
# -- Compiling module Ansynchronous_913
# -- Compiling module Ansynchronous_914
# -- Compiling module Ansynchronous_915
# -- Compiling module Ansynchronous_916
# -- Compiling module Ansynchronous_917
# -- Compiling module Ansynchronous_918
# -- Compiling module Ansynchronous_919
# -- Compiling module Ansynchronous_92
# -- Compiling module Ansynchronous_920
# -- Compiling module Ansynchronous_921
# -- Compiling module Ansynchronous_922
# -- Compiling module Ansynchronous_923
# -- Compiling module Ansynchronous_924
# -- Compiling module Ansynchronous_925
# -- Compiling module Ansynchronous_926
# -- Compiling module Ansynchronous_927
# -- Compiling module Ansynchronous_928
# -- Compiling module Ansynchronous_929
# -- Compiling module Ansynchronous_93
# -- Compiling module Ansynchronous_930
# -- Compiling module Ansynchronous_931
# -- Compiling module Ansynchronous_932
# -- Compiling module Ansynchronous_933
# -- Compiling module Ansynchronous_934
# -- Compiling module Ansynchronous_935
# -- Compiling module Ansynchronous_936
# -- Compiling module Ansynchronous_937
# -- Compiling module Ansynchronous_938
# -- Compiling module Ansynchronous_939
# -- Compiling module Ansynchronous_94
# -- Compiling module Ansynchronous_940
# -- Compiling module Ansynchronous_941
# -- Compiling module Ansynchronous_942
# -- Compiling module Ansynchronous_943
# -- Compiling module Ansynchronous_944
# -- Compiling module Ansynchronous_945
# -- Compiling module Ansynchronous_946
# -- Compiling module Ansynchronous_947
# -- Compiling module Ansynchronous_948
# -- Compiling module Ansynchronous_949
# -- Compiling module Ansynchronous_95
# -- Compiling module Ansynchronous_950
# -- Compiling module Ansynchronous_951
# -- Compiling module Ansynchronous_952
# -- Compiling module Ansynchronous_953
# -- Compiling module Ansynchronous_954
# -- Compiling module Ansynchronous_955
# -- Compiling module Ansynchronous_956
# -- Compiling module Ansynchronous_957
# -- Compiling module Ansynchronous_958
# -- Compiling module Ansynchronous_959
# -- Compiling module Ansynchronous_96
# -- Compiling module Ansynchronous_960
# -- Compiling module Ansynchronous_961
# -- Compiling module Ansynchronous_962
# -- Compiling module Ansynchronous_963
# -- Compiling module Ansynchronous_964
# -- Compiling module Ansynchronous_965
# -- Compiling module Ansynchronous_966
# -- Compiling module Ansynchronous_967
# -- Compiling module Ansynchronous_968
# -- Compiling module Ansynchronous_969
# -- Compiling module Ansynchronous_97
# -- Compiling module Ansynchronous_970
# -- Compiling module Ansynchronous_971
# -- Compiling module Ansynchronous_972
# -- Compiling module Ansynchronous_973
# -- Compiling module Ansynchronous_974
# -- Compiling module Ansynchronous_975
# -- Compiling module Ansynchronous_976
# -- Compiling module Ansynchronous_977
# -- Compiling module Ansynchronous_978
# -- Compiling module Ansynchronous_979
# -- Compiling module Ansynchronous_98
# -- Compiling module Ansynchronous_980
# -- Compiling module Ansynchronous_981
# -- Compiling module Ansynchronous_982
# -- Compiling module Ansynchronous_983
# -- Compiling module Ansynchronous_984
# -- Compiling module Ansynchronous_985
# -- Compiling module Ansynchronous_986
# -- Compiling module Ansynchronous_987
# -- Compiling module Ansynchronous_988
# -- Compiling module Ansynchronous_989
# -- Compiling module Ansynchronous_99
# -- Compiling module Ansynchronous_990
# -- Compiling module Ansynchronous_991
# -- Compiling module Ansynchronous_992
# -- Compiling module Ansynchronous_993
# -- Compiling module Ansynchronous_994
# -- Compiling module Ansynchronous_995
# -- Compiling module Ansynchronous_996
# -- Compiling module Ansynchronous_997
# -- Compiling module Ansynchronous_998
# -- Compiling module Ansynchronous_999
# -- Compiling module SLLSLR
# -- Compiling module SLT
# -- Compiling module SRA
# -- Compiling module SRL
# -- Compiling module alu
# -- Compiling module alu_selector
# -- Compiling module cp0
# -- Compiling module cpmem
# -- Compiling module cpu
# -- Compiling module cu
# -- Compiling module decoder
# -- Compiling module div
# -- Compiling module divu
# -- Compiling module divu_1189
# -- Compiling module mult
# -- Compiling module multu
# -- Compiling module multu_1092
# -- Compiling module mux2_32
# -- Compiling module mux_alu
# -- Compiling module mux_hi
# -- Compiling module mux_lo
# -- Compiling module mux_pc
# -- Compiling module mux_rf
# -- Compiling module pcreg
# -- Compiling module pcreg_1
# -- Compiling module pcreg_10
# -- Compiling module pcreg_1025
# -- Compiling module pcreg_11
# -- Compiling module pcreg_12
# -- Compiling module pcreg_13
# -- Compiling module pcreg_14
# -- Compiling module pcreg_15
# -- Compiling module pcreg_16
# -- Compiling module pcreg_17
# -- Compiling module pcreg_18
# -- Compiling module pcreg_19
# -- Compiling module pcreg_2
# -- Compiling module pcreg_20
# -- Compiling module pcreg_21
# -- Compiling module pcreg_22
# -- Compiling module pcreg_23
# -- Compiling module pcreg_24
# -- Compiling module pcreg_25
# -- Compiling module pcreg_26
# -- Compiling module pcreg_27
# -- Compiling module pcreg_28
# -- Compiling module pcreg_29
# -- Compiling module pcreg_3
# -- Compiling module pcreg_30
# -- Compiling module pcreg_31
# -- Compiling module pcreg_32
# -- Compiling module pcreg_33
# -- Compiling module pcreg_4
# -- Compiling module pcreg_5
# -- Compiling module pcreg_6
# -- Compiling module pcreg_7
# -- Compiling module pcreg_8
# -- Compiling module pcreg_9
# -- Compiling module pcreg_i
# -- Compiling module regfile
# -- Compiling module save
# -- Compiling module save_0
# -- Compiling module sccomp_dataflow_with_ipcore
# -- Compiling module z
# -- Compiling module DMEM_dist_mem_gen_v8_0_10
# -- Compiling module DMEM_dist_mem_gen_v8_0_10_synth
# -- Compiling module DMEM_spram
# -- Compiling module IMEM_dist_mem_gen_v8_0_10
# -- Compiling module IMEM_dist_mem_gen_v8_0_10_synth
# -- Compiling module IMEM_rom
# -- Compiling module glbl
# -- Compiling module test_post_synthesis
# 
# Top level modules:
# 	glbl
# 	test_post_synthesis
# End time: 20:55:08 on Aug 19,2020, Elapsed time: 0:00:03
# Errors: 0, Warnings: 1
