# do {test_post_synthesis_simulate.do}
# vsim -voptargs=""+acc"" "+transport_int_delays" "+pulse_r/0" "+pulse_int_r/0" -L simprims_ver -L secureip -L xil_defaultlib -lib xil_defaultlib xil_defaultlib.test_post_synthesis xil_defaultlib.glbl 
# Start time: 20:55:19 on Aug 19,2020
# //  ModelSim PE 10.4c Jul 20 2015 
# //
# //  Copyright 1991-2015 Mentor Graphics Corporation
# //  All Rights Reserved.
# //
# //  THIS WORK CONTAINS TRADE SECRET AND PROPRIETARY INFORMATION
# //  WHICH IS THE PROPERTY OF MENTOR GRAPHICS CORPORATION OR ITS
# //  LICENSORS AND IS SUBJECT TO LICENSE TERMS.
# //  THIS DOCUMENT CONTAINS TRADE SECRETS AND COMMERCIAL OR FINANCIAL
# //  INFORMATION THAT ARE PRIVILEGED, CONFIDENTIAL, AND EXEMPT FROM
# //  DISCLOSURE UNDER THE FREEDOM OF INFORMATION ACT, 5 U.S.C. SECTION 552.
# //  FURTHERMORE, THIS INFORMATION IS PROHIBITED FROM DISCLOSURE UNDER
# //  THE TRADE SECRETS ACT, 18 U.S.C. SECTION 1905.
# //
# Loading xil_defaultlib.test_post_synthesis
# Loading xil_defaultlib.sccomp_dataflow_with_ipcore
# Loading xil_defaultlib.DMEM
# Loading xil_defaultlib.DMEM_dist_mem_gen_v8_0_10
# Loading simprims_ver.GND
# Loading xil_defaultlib.DMEM_dist_mem_gen_v8_0_10_synth
# Loading xil_defaultlib.DMEM_spram
# Loading simprims_ver.FDRE
# Loading xil_defaultlib.RAM256X1S_UNIQ_BASE_
# Loading simprims_ver.MUXF7
# Loading simprims_ver.MUXF8
# Loading simprims_ver.RAMS64E
# Loading simprims_ver.LUT4
# Loading xil_defaultlib.RAM256X1S_HD2551
# Loading xil_defaultlib.RAM256X1S_HD2552
# Loading xil_defaultlib.RAM256X1S_HD2553
# Loading xil_defaultlib.RAM256X1S_HD2554
# Loading xil_defaultlib.RAM256X1S_HD2555
# Loading xil_defaultlib.RAM256X1S_HD2556
# Loading xil_defaultlib.RAM256X1S_HD2557
# Loading xil_defaultlib.RAM256X1S_HD2558
# Loading xil_defaultlib.RAM256X1S_HD2559
# Loading xil_defaultlib.RAM256X1S_HD2560
# Loading xil_defaultlib.RAM256X1S_HD2561
# Loading xil_defaultlib.RAM256X1S_HD2562
# Loading xil_defaultlib.RAM256X1S_HD2563
# Loading xil_defaultlib.RAM256X1S_HD2564
# Loading xil_defaultlib.RAM256X1S_HD2565
# Loading xil_defaultlib.RAM256X1S_HD2566
# Loading xil_defaultlib.RAM256X1S_HD2567
# Loading xil_defaultlib.RAM256X1S_HD2568
# Loading xil_defaultlib.RAM256X1S_HD2569
# Loading xil_defaultlib.RAM256X1S_HD2570
# Loading xil_defaultlib.RAM256X1S_HD2571
# Loading xil_defaultlib.RAM256X1S_HD2572
# Loading xil_defaultlib.RAM256X1S_HD2573
# Loading xil_defaultlib.RAM256X1S_HD2574
# Loading xil_defaultlib.RAM256X1S_HD2575
# Loading xil_defaultlib.RAM256X1S_HD2576
# Loading xil_defaultlib.RAM256X1S_HD2577
# Loading xil_defaultlib.RAM256X1S_HD2578
# Loading xil_defaultlib.RAM256X1S_HD2579
# Loading xil_defaultlib.RAM256X1S_HD2580
# Loading xil_defaultlib.RAM256X1S_HD2581
# Loading xil_defaultlib.RAM256X1S_HD2582
# Loading xil_defaultlib.RAM256X1S_HD2583
# Loading xil_defaultlib.RAM256X1S_HD2584
# Loading xil_defaultlib.RAM256X1S_HD2585
# Loading xil_defaultlib.RAM256X1S_HD2586
# Loading xil_defaultlib.RAM256X1S_HD2587
# Loading xil_defaultlib.RAM256X1S_HD2588
# Loading xil_defaultlib.RAM256X1S_HD2589
# Loading xil_defaultlib.RAM256X1S_HD2590
# Loading xil_defaultlib.RAM256X1S_HD2591
# Loading xil_defaultlib.RAM256X1S_HD2592
# Loading xil_defaultlib.RAM256X1S_HD2593
# Loading xil_defaultlib.RAM256X1S_HD2594
# Loading xil_defaultlib.RAM256X1S_HD2595
# Loading xil_defaultlib.RAM256X1S_HD2596
# Loading xil_defaultlib.RAM256X1S_HD2597
# Loading xil_defaultlib.RAM256X1S_HD2598
# Loading xil_defaultlib.RAM256X1S_HD2599
# Loading xil_defaultlib.RAM256X1S_HD2600
# Loading xil_defaultlib.RAM256X1S_HD2601
# Loading xil_defaultlib.RAM256X1S_HD2602
# Loading xil_defaultlib.RAM256X1S_HD2603
# Loading xil_defaultlib.RAM256X1S_HD2604
# Loading xil_defaultlib.RAM256X1S_HD2605
# Loading xil_defaultlib.RAM256X1S_HD2606
# Loading xil_defaultlib.RAM256X1S_HD2607
# Loading xil_defaultlib.RAM256X1S_HD2608
# Loading xil_defaultlib.RAM256X1S_HD2609
# Loading xil_defaultlib.RAM256X1S_HD2610
# Loading xil_defaultlib.RAM256X1S_HD2611
# Loading xil_defaultlib.RAM256X1S_HD2612
# Loading xil_defaultlib.RAM256X1S_HD2613
# Loading xil_defaultlib.RAM256X1S_HD2614
# Loading xil_defaultlib.RAM256X1S_HD2615
# Loading xil_defaultlib.RAM256X1S_HD2616
# Loading xil_defaultlib.RAM256X1S_HD2617
# Loading xil_defaultlib.RAM256X1S_HD2618
# Loading xil_defaultlib.RAM256X1S_HD2619
# Loading xil_defaultlib.RAM256X1S_HD2620
# Loading xil_defaultlib.RAM256X1S_HD2621
# Loading xil_defaultlib.RAM256X1S_HD2622
# Loading xil_defaultlib.RAM256X1S_HD2623
# Loading xil_defaultlib.RAM256X1S_HD2624
# Loading xil_defaultlib.RAM256X1S_HD2625
# Loading xil_defaultlib.RAM256X1S_HD2626
# Loading xil_defaultlib.RAM256X1S_HD2627
# Loading xil_defaultlib.RAM256X1S_HD2628
# Loading xil_defaultlib.RAM256X1S_HD2629
# Loading xil_defaultlib.RAM256X1S_HD2630
# Loading xil_defaultlib.RAM256X1S_HD2631
# Loading xil_defaultlib.RAM256X1S_HD2632
# Loading xil_defaultlib.RAM256X1S_HD2633
# Loading xil_defaultlib.RAM256X1S_HD2634
# Loading xil_defaultlib.RAM256X1S_HD2635
# Loading xil_defaultlib.RAM256X1S_HD2636
# Loading xil_defaultlib.RAM256X1S_HD2637
# Loading xil_defaultlib.RAM256X1S_HD2638
# Loading xil_defaultlib.RAM256X1S_HD2639
# Loading xil_defaultlib.RAM256X1S_HD2640
# Loading xil_defaultlib.RAM256X1S_HD2641
# Loading xil_defaultlib.RAM256X1S_HD2642
# Loading xil_defaultlib.RAM256X1S_HD2643
# Loading xil_defaultlib.RAM256X1S_HD2644
# Loading xil_defaultlib.RAM256X1S_HD2645
# Loading xil_defaultlib.RAM256X1S_HD2646
# Loading xil_defaultlib.RAM256X1S_HD2647
# Loading xil_defaultlib.RAM256X1S_HD2648
# Loading xil_defaultlib.RAM256X1S_HD2649
# Loading xil_defaultlib.RAM256X1S_HD2650
# Loading xil_defaultlib.RAM256X1S_HD2651
# Loading xil_defaultlib.RAM256X1S_HD2652
# Loading xil_defaultlib.RAM256X1S_HD2653
# Loading xil_defaultlib.RAM256X1S_HD2654
# Loading xil_defaultlib.RAM256X1S_HD2655
# Loading xil_defaultlib.RAM256X1S_HD2656
# Loading xil_defaultlib.RAM256X1S_HD2657
# Loading xil_defaultlib.RAM256X1S_HD2658
# Loading xil_defaultlib.RAM256X1S_HD2659
# Loading xil_defaultlib.RAM256X1S_HD2660
# Loading xil_defaultlib.RAM256X1S_HD2661
# Loading xil_defaultlib.RAM256X1S_HD2662
# Loading xil_defaultlib.RAM256X1S_HD2663
# Loading xil_defaultlib.RAM256X1S_HD2664
# Loading xil_defaultlib.RAM256X1S_HD2665
# Loading xil_defaultlib.RAM256X1S_HD2666
# Loading xil_defaultlib.RAM256X1S_HD2667
# Loading xil_defaultlib.RAM256X1S_HD2668
# Loading xil_defaultlib.RAM256X1S_HD2669
# Loading xil_defaultlib.RAM256X1S_HD2670
# Loading xil_defaultlib.RAM256X1S_HD2671
# Loading xil_defaultlib.RAM256X1S_HD2672
# Loading xil_defaultlib.RAM256X1S_HD2673
# Loading xil_defaultlib.RAM256X1S_HD2674
# Loading xil_defaultlib.RAM256X1S_HD2675
# Loading xil_defaultlib.RAM256X1S_HD2676
# Loading xil_defaultlib.RAM256X1S_HD2677
# Loading xil_defaultlib.RAM256X1S_HD2678
# Loading xil_defaultlib.RAM256X1S_HD2679
# Loading xil_defaultlib.RAM256X1S_HD2680
# Loading xil_defaultlib.RAM256X1S_HD2681
# Loading xil_defaultlib.RAM256X1S_HD2682
# Loading xil_defaultlib.RAM256X1S_HD2683
# Loading xil_defaultlib.RAM256X1S_HD2684
# Loading xil_defaultlib.RAM256X1S_HD2685
# Loading xil_defaultlib.RAM256X1S_HD2686
# Loading xil_defaultlib.RAM256X1S_HD2687
# Loading xil_defaultlib.RAM256X1S_HD2688
# Loading xil_defaultlib.RAM256X1S_HD2689
# Loading xil_defaultlib.RAM256X1S_HD2690
# Loading xil_defaultlib.RAM256X1S_HD2691
# Loading xil_defaultlib.RAM256X1S_HD2692
# Loading xil_defaultlib.RAM256X1S_HD2693
# Loading xil_defaultlib.RAM256X1S_HD2694
# Loading xil_defaultlib.RAM256X1S_HD2695
# Loading xil_defaultlib.RAM256X1S_HD2696
# Loading xil_defaultlib.RAM256X1S_HD2697
# Loading xil_defaultlib.RAM256X1S_HD2698
# Loading xil_defaultlib.RAM256X1S_HD2699
# Loading xil_defaultlib.RAM256X1S_HD2700
# Loading xil_defaultlib.RAM256X1S_HD2701
# Loading xil_defaultlib.RAM256X1S_HD2702
# Loading xil_defaultlib.RAM256X1S_HD2703
# Loading xil_defaultlib.RAM256X1S_HD2704
# Loading xil_defaultlib.RAM256X1S_HD2705
# Loading xil_defaultlib.RAM256X1S_HD2706
# Loading xil_defaultlib.RAM256X1S_HD2707
# Loading xil_defaultlib.RAM256X1S_HD2708
# Loading xil_defaultlib.RAM256X1S_HD2709
# Loading xil_defaultlib.RAM256X1S_HD2710
# Loading xil_defaultlib.RAM256X1S_HD2711
# Loading xil_defaultlib.RAM256X1S_HD2712
# Loading xil_defaultlib.RAM256X1S_HD2713
# Loading xil_defaultlib.RAM256X1S_HD2714
# Loading xil_defaultlib.RAM256X1S_HD2715
# Loading xil_defaultlib.RAM256X1S_HD2716
# Loading xil_defaultlib.RAM256X1S_HD2717
# Loading xil_defaultlib.RAM256X1S_HD2718
# Loading xil_defaultlib.RAM256X1S_HD2719
# Loading xil_defaultlib.RAM256X1S_HD2720
# Loading xil_defaultlib.RAM256X1S_HD2721
# Loading xil_defaultlib.RAM256X1S_HD2722
# Loading xil_defaultlib.RAM256X1S_HD2723
# Loading xil_defaultlib.RAM256X1S_HD2724
# Loading xil_defaultlib.RAM256X1S_HD2725
# Loading xil_defaultlib.RAM256X1S_HD2726
# Loading xil_defaultlib.RAM256X1S_HD2727
# Loading xil_defaultlib.RAM256X1S_HD2728
# Loading xil_defaultlib.RAM256X1S_HD2729
# Loading xil_defaultlib.RAM256X1S_HD2730
# Loading xil_defaultlib.RAM256X1S_HD2731
# Loading xil_defaultlib.RAM256X1S_HD2732
# Loading xil_defaultlib.RAM256X1S_HD2733
# Loading xil_defaultlib.RAM256X1S_HD2734
# Loading xil_defaultlib.RAM256X1S_HD2735
# Loading xil_defaultlib.RAM256X1S_HD2736
# Loading xil_defaultlib.RAM256X1S_HD2737
# Loading xil_defaultlib.RAM256X1S_HD2738
# Loading xil_defaultlib.RAM256X1S_HD2739
# Loading xil_defaultlib.RAM256X1S_HD2740
# Loading xil_defaultlib.RAM256X1S_HD2741
# Loading xil_defaultlib.RAM256X1S_HD2742
# Loading xil_defaultlib.RAM256X1S_HD2743
# Loading xil_defaultlib.RAM256X1S_HD2744
# Loading xil_defaultlib.RAM256X1S_HD2745
# Loading xil_defaultlib.RAM256X1S_HD2746
# Loading xil_defaultlib.RAM256X1S_HD2747
# Loading xil_defaultlib.RAM256X1S_HD2748
# Loading xil_defaultlib.RAM256X1S_HD2749
# Loading xil_defaultlib.RAM256X1S_HD2750
# Loading xil_defaultlib.RAM256X1S_HD2751
# Loading xil_defaultlib.RAM256X1S_HD2752
# Loading xil_defaultlib.RAM256X1S_HD2753
# Loading xil_defaultlib.RAM256X1S_HD2754
# Loading xil_defaultlib.RAM256X1S_HD2755
# Loading xil_defaultlib.RAM256X1S_HD2756
# Loading xil_defaultlib.RAM256X1S_HD2757
# Loading xil_defaultlib.RAM256X1S_HD2758
# Loading xil_defaultlib.RAM256X1S_HD2759
# Loading xil_defaultlib.RAM256X1S_HD2760
# Loading xil_defaultlib.RAM256X1S_HD2761
# Loading xil_defaultlib.RAM256X1S_HD2762
# Loading xil_defaultlib.RAM256X1S_HD2763
# Loading xil_defaultlib.RAM256X1S_HD2764
# Loading xil_defaultlib.RAM256X1S_HD2765
# Loading xil_defaultlib.RAM256X1S_HD2766
# Loading xil_defaultlib.RAM256X1S_HD2767
# Loading xil_defaultlib.RAM256X1S_HD2768
# Loading xil_defaultlib.RAM256X1S_HD2769
# Loading xil_defaultlib.RAM256X1S_HD2770
# Loading xil_defaultlib.RAM256X1S_HD2771
# Loading xil_defaultlib.RAM256X1S_HD2772
# Loading xil_defaultlib.RAM256X1S_HD2773
# Loading xil_defaultlib.RAM256X1S_HD2774
# Loading xil_defaultlib.RAM256X1S_HD2775
# Loading xil_defaultlib.RAM256X1S_HD2776
# Loading xil_defaultlib.RAM256X1S_HD2777
# Loading xil_defaultlib.RAM256X1S_HD2778
# Loading xil_defaultlib.RAM256X1S_HD2779
# Loading xil_defaultlib.RAM256X1S_HD2780
# Loading xil_defaultlib.RAM256X1S_HD2781
# Loading xil_defaultlib.RAM256X1S_HD2782
# Loading xil_defaultlib.RAM256X1S_HD2783
# Loading xil_defaultlib.RAM256X1S_HD2784
# Loading xil_defaultlib.RAM256X1S_HD2785
# Loading xil_defaultlib.RAM256X1S_HD2786
# Loading xil_defaultlib.RAM256X1S_HD2787
# Loading xil_defaultlib.RAM256X1S_HD2788
# Loading xil_defaultlib.RAM256X1S_HD2789
# Loading xil_defaultlib.RAM256X1S_HD2790
# Loading xil_defaultlib.RAM256X1S_HD2791
# Loading xil_defaultlib.RAM256X1S_HD2792
# Loading xil_defaultlib.RAM256X1S_HD2793
# Loading xil_defaultlib.RAM256X1S_HD2794
# Loading xil_defaultlib.RAM256X1S_HD2795
# Loading xil_defaultlib.RAM256X1S_HD2796
# Loading xil_defaultlib.RAM256X1S_HD2797
# Loading xil_defaultlib.RAM256X1S_HD2798
# Loading xil_defaultlib.RAM256X1S_HD2799
# Loading xil_defaultlib.RAM256X1S_HD2800
# Loading xil_defaultlib.RAM256X1S_HD2801
# Loading xil_defaultlib.RAM256X1S_HD2802
# Loading xil_defaultlib.RAM256X1S_HD2803
# Loading xil_defaultlib.RAM256X1S_HD2804
# Loading xil_defaultlib.RAM256X1S_HD2805
# Loading simprims_ver.LUT6
# Loading xil_defaultlib.IMEM
# Loading xil_defaultlib.IMEM_dist_mem_gen_v8_0_10
# Loading xil_defaultlib.IMEM_dist_mem_gen_v8_0_10_synth
# Loading xil_defaultlib.IMEM_rom
# Loading simprims_ver.LUT5
# Loading simprims_ver.LUT3
# Loading simprims_ver.LUT2
# Loading simprims_ver.LUT1
# Loading simprims_ver.BUFG
# Loading simprims_ver.IBUF
# Loading simprims_ver.OBUF
# Loading xil_defaultlib.cpu
# Loading xil_defaultlib.alu
# Loading xil_defaultlib.SRA
# Loading simprims_ver.CARRY4
# Loading xil_defaultlib.SLLSLR
# Loading xil_defaultlib.SRL
# Loading xil_defaultlib.alu_selector
# Loading simprims_ver.LDCE
# Loading xil_defaultlib.SLT
# Loading xil_defaultlib.save
# Loading xil_defaultlib.cp0
# Loading simprims_ver.FDCE
# Loading simprims_ver.FDPE
# Loading xil_defaultlib.cpmem
# Loading xil_defaultlib.cu
# Loading xil_defaultlib.div
# Loading xil_defaultlib.divu_1189
# Loading xil_defaultlib.divu
# Loading xil_defaultlib.mux2_32
# Loading xil_defaultlib.pcreg
# Loading xil_defaultlib.Ansynchronous_1157
# Loading xil_defaultlib.Ansynchronous_1158
# Loading xil_defaultlib.Ansynchronous_1159
# Loading xil_defaultlib.Ansynchronous_1160
# Loading xil_defaultlib.Ansynchronous_1161
# Loading xil_defaultlib.Ansynchronous_1162
# Loading xil_defaultlib.Ansynchronous_1163
# Loading xil_defaultlib.Ansynchronous_1164
# Loading xil_defaultlib.Ansynchronous_1165
# Loading xil_defaultlib.Ansynchronous_1166
# Loading xil_defaultlib.Ansynchronous_1167
# Loading xil_defaultlib.Ansynchronous_1168
# Loading xil_defaultlib.Ansynchronous_1169
# Loading xil_defaultlib.Ansynchronous_1170
# Loading xil_defaultlib.Ansynchronous_1171
# Loading xil_defaultlib.Ansynchronous_1172
# Loading xil_defaultlib.Ansynchronous_1173
# Loading xil_defaultlib.Ansynchronous_1174
# Loading xil_defaultlib.Ansynchronous_1175
# Loading xil_defaultlib.Ansynchronous_1176
# Loading xil_defaultlib.Ansynchronous_1177
# Loading xil_defaultlib.Ansynchronous_1178
# Loading xil_defaultlib.Ansynchronous_1179
# Loading xil_defaultlib.Ansynchronous_1180
# Loading xil_defaultlib.Ansynchronous_1181
# Loading xil_defaultlib.Ansynchronous_1182
# Loading xil_defaultlib.Ansynchronous_1183
# Loading xil_defaultlib.Ansynchronous_1184
# Loading xil_defaultlib.Ansynchronous_1185
# Loading xil_defaultlib.Ansynchronous_1186
# Loading xil_defaultlib.Ansynchronous_1187
# Loading xil_defaultlib.Ansynchronous_1188
# Loading xil_defaultlib.decoder
# Loading xil_defaultlib.save_0
# Loading xil_defaultlib.pcreg_1
# Loading xil_defaultlib.Ansynchronous_1125
# Loading xil_defaultlib.Ansynchronous_1126
# Loading xil_defaultlib.Ansynchronous_1127
# Loading xil_defaultlib.Ansynchronous_1128
# Loading xil_defaultlib.Ansynchronous_1129
# Loading xil_defaultlib.Ansynchronous_1130
# Loading xil_defaultlib.Ansynchronous_1131
# Loading xil_defaultlib.Ansynchronous_1132
# Loading xil_defaultlib.Ansynchronous_1133
# Loading xil_defaultlib.Ansynchronous_1134
# Loading xil_defaultlib.Ansynchronous_1135
# Loading xil_defaultlib.Ansynchronous_1136
# Loading xil_defaultlib.Ansynchronous_1137
# Loading xil_defaultlib.Ansynchronous_1138
# Loading xil_defaultlib.Ansynchronous_1139
# Loading xil_defaultlib.Ansynchronous_1140
# Loading xil_defaultlib.Ansynchronous_1141
# Loading xil_defaultlib.Ansynchronous_1142
# Loading xil_defaultlib.Ansynchronous_1143
# Loading xil_defaultlib.Ansynchronous_1144
# Loading xil_defaultlib.Ansynchronous_1145
# Loading xil_defaultlib.Ansynchronous_1146
# Loading xil_defaultlib.Ansynchronous_1147
# Loading xil_defaultlib.Ansynchronous_1148
# Loading xil_defaultlib.Ansynchronous_1149
# Loading xil_defaultlib.Ansynchronous_1150
# Loading xil_defaultlib.Ansynchronous_1151
# Loading xil_defaultlib.Ansynchronous_1152
# Loading xil_defaultlib.Ansynchronous_1153
# Loading xil_defaultlib.Ansynchronous_1154
# Loading xil_defaultlib.Ansynchronous_1155
# Loading xil_defaultlib.Ansynchronous_1156
# Loading xil_defaultlib.pcreg_2
# Loading xil_defaultlib.Ansynchronous_1093
# Loading xil_defaultlib.Ansynchronous_1094
# Loading xil_defaultlib.Ansynchronous_1095
# Loading xil_defaultlib.Ansynchronous_1096
# Loading xil_defaultlib.Ansynchronous_1097
# Loading xil_defaultlib.Ansynchronous_1098
# Loading xil_defaultlib.Ansynchronous_1099
# Loading xil_defaultlib.Ansynchronous_1100
# Loading xil_defaultlib.Ansynchronous_1101
# Loading xil_defaultlib.Ansynchronous_1102
# Loading xil_defaultlib.Ansynchronous_1103
# Loading xil_defaultlib.Ansynchronous_1104
# Loading xil_defaultlib.Ansynchronous_1105
# Loading xil_defaultlib.Ansynchronous_1106
# Loading xil_defaultlib.Ansynchronous_1107
# Loading xil_defaultlib.Ansynchronous_1108
# Loading xil_defaultlib.Ansynchronous_1109
# Loading xil_defaultlib.Ansynchronous_1110
# Loading xil_defaultlib.Ansynchronous_1111
# Loading xil_defaultlib.Ansynchronous_1112
# Loading xil_defaultlib.Ansynchronous_1113
# Loading xil_defaultlib.Ansynchronous_1114
# Loading xil_defaultlib.Ansynchronous_1115
# Loading xil_defaultlib.Ansynchronous_1116
# Loading xil_defaultlib.Ansynchronous_1117
# Loading xil_defaultlib.Ansynchronous_1118
# Loading xil_defaultlib.Ansynchronous_1119
# Loading xil_defaultlib.Ansynchronous_1120
# Loading xil_defaultlib.Ansynchronous_1121
# Loading xil_defaultlib.Ansynchronous_1122
# Loading xil_defaultlib.Ansynchronous_1123
# Loading xil_defaultlib.Ansynchronous_1124
# Loading xil_defaultlib.mult
# Loading xil_defaultlib.multu_1092
# Loading xil_defaultlib.multu
# Loading xil_defaultlib.mux_alu
# Loading xil_defaultlib.mux_hi
# Loading xil_defaultlib.mux_lo
# Loading xil_defaultlib.mux_pc
# Loading xil_defaultlib.mux_rf
# Loading xil_defaultlib.pcreg_i
# Loading xil_defaultlib.Ansynchronous_1061
# Loading xil_defaultlib.Ansynchronous_1062
# Loading xil_defaultlib.Ansynchronous_1063
# Loading xil_defaultlib.Ansynchronous_1064
# Loading xil_defaultlib.Ansynchronous_1065
# Loading xil_defaultlib.Ansynchronous_1066
# Loading xil_defaultlib.Ansynchronous_1067
# Loading xil_defaultlib.Ansynchronous_1068
# Loading xil_defaultlib.Ansynchronous_1069
# Loading xil_defaultlib.Ansynchronous_1070
# Loading xil_defaultlib.Ansynchronous_1071
# Loading xil_defaultlib.Ansynchronous_1072
# Loading xil_defaultlib.Ansynchronous_1073
# Loading xil_defaultlib.Ansynchronous_1074
# Loading xil_defaultlib.Ansynchronous_1075
# Loading xil_defaultlib.Ansynchronous1
# Loading xil_defaultlib.Ansynchronous_1076
# Loading xil_defaultlib.Ansynchronous_1077
# Loading xil_defaultlib.Ansynchronous_1078
# Loading xil_defaultlib.Ansynchronous_1079
# Loading xil_defaultlib.Ansynchronous_1080
# Loading xil_defaultlib.Ansynchronous_1081
# Loading xil_defaultlib.Ansynchronous_1082
# Loading xil_defaultlib.Ansynchronous_1083
# Loading xil_defaultlib.Ansynchronous_1084
# Loading xil_defaultlib.Ansynchronous_1085
# Loading xil_defaultlib.Ansynchronous_1086
# Loading xil_defaultlib.Ansynchronous_1087
# Loading xil_defaultlib.Ansynchronous_1088
# Loading xil_defaultlib.Ansynchronous_1089
# Loading xil_defaultlib.Ansynchronous_1090
# Loading xil_defaultlib.Ansynchronous_1091
# Loading xil_defaultlib.z
# Loading xil_defaultlib.pcreg_1025
# Loading xil_defaultlib.Ansynchronous_1029
# Loading xil_defaultlib.Ansynchronous_1030
# Loading xil_defaultlib.Ansynchronous_1031
# Loading xil_defaultlib.Ansynchronous_1032
# Loading xil_defaultlib.Ansynchronous_1033
# Loading xil_defaultlib.Ansynchronous_1034
# Loading xil_defaultlib.Ansynchronous_1035
# Loading xil_defaultlib.Ansynchronous_1036
# Loading xil_defaultlib.Ansynchronous_1037
# Loading xil_defaultlib.Ansynchronous_1038
# Loading xil_defaultlib.Ansynchronous_1039
# Loading xil_defaultlib.Ansynchronous_1040
# Loading xil_defaultlib.Ansynchronous_1041
# Loading xil_defaultlib.Ansynchronous_1042
# Loading xil_defaultlib.Ansynchronous_1043
# Loading xil_defaultlib.Ansynchronous_1044
# Loading xil_defaultlib.Ansynchronous_1045
# Loading xil_defaultlib.Ansynchronous_1046
# Loading xil_defaultlib.Ansynchronous_1047
# Loading xil_defaultlib.Ansynchronous_1048
# Loading xil_defaultlib.Ansynchronous_1049
# Loading xil_defaultlib.Ansynchronous_1050
# Loading xil_defaultlib.Ansynchronous_1051
# Loading xil_defaultlib.Ansynchronous_1052
# Loading xil_defaultlib.Ansynchronous_1053
# Loading xil_defaultlib.Ansynchronous_1054
# Loading xil_defaultlib.Ansynchronous_1055
# Loading xil_defaultlib.Ansynchronous_1056
# Loading xil_defaultlib.Ansynchronous_1057
# Loading xil_defaultlib.Ansynchronous_1058
# Loading xil_defaultlib.Ansynchronous_1059
# Loading xil_defaultlib.Ansynchronous_1060
# Loading xil_defaultlib.Ansynchronous_1026
# Loading xil_defaultlib.Ansynchronous_1027
# Loading xil_defaultlib.Ansynchronous_1028
# Loading xil_defaultlib.regfile
# Loading xil_defaultlib.pcreg_3
# Loading xil_defaultlib.Ansynchronous_993
# Loading xil_defaultlib.Ansynchronous_994
# Loading xil_defaultlib.Ansynchronous_995
# Loading xil_defaultlib.Ansynchronous_996
# Loading xil_defaultlib.Ansynchronous_997
# Loading xil_defaultlib.Ansynchronous_998
# Loading xil_defaultlib.Ansynchronous_999
# Loading xil_defaultlib.Ansynchronous_1000
# Loading xil_defaultlib.Ansynchronous_1001
# Loading xil_defaultlib.Ansynchronous_1002
# Loading xil_defaultlib.Ansynchronous_1003
# Loading xil_defaultlib.Ansynchronous_1004
# Loading xil_defaultlib.Ansynchronous_1005
# Loading xil_defaultlib.Ansynchronous_1006
# Loading xil_defaultlib.Ansynchronous_1007
# Loading xil_defaultlib.Ansynchronous_1008
# Loading xil_defaultlib.Ansynchronous_1009
# Loading xil_defaultlib.Ansynchronous_1010
# Loading xil_defaultlib.Ansynchronous_1011
# Loading xil_defaultlib.Ansynchronous_1012
# Loading xil_defaultlib.Ansynchronous_1013
# Loading xil_defaultlib.Ansynchronous_1014
# Loading xil_defaultlib.Ansynchronous_1015
# Loading xil_defaultlib.Ansynchronous_1016
# Loading xil_defaultlib.Ansynchronous_1017
# Loading xil_defaultlib.Ansynchronous_1018
# Loading xil_defaultlib.Ansynchronous_1019
# Loading xil_defaultlib.Ansynchronous_1020
# Loading xil_defaultlib.Ansynchronous_1021
# Loading xil_defaultlib.Ansynchronous_1022
# Loading xil_defaultlib.Ansynchronous_1023
# Loading xil_defaultlib.Ansynchronous_1024
# Loading xil_defaultlib.pcreg_4
# Loading xil_defaultlib.Ansynchronous_961
# Loading xil_defaultlib.Ansynchronous_962
# Loading xil_defaultlib.Ansynchronous_963
# Loading xil_defaultlib.Ansynchronous_964
# Loading xil_defaultlib.Ansynchronous_965
# Loading xil_defaultlib.Ansynchronous_966
# Loading xil_defaultlib.Ansynchronous_967
# Loading xil_defaultlib.Ansynchronous_968
# Loading xil_defaultlib.Ansynchronous_969
# Loading xil_defaultlib.Ansynchronous_970
# Loading xil_defaultlib.Ansynchronous_971
# Loading xil_defaultlib.Ansynchronous_972
# Loading xil_defaultlib.Ansynchronous_973
# Loading xil_defaultlib.Ansynchronous_974
# Loading xil_defaultlib.Ansynchronous_975
# Loading xil_defaultlib.Ansynchronous_976
# Loading xil_defaultlib.Ansynchronous_977
# Loading xil_defaultlib.Ansynchronous_978
# Loading xil_defaultlib.Ansynchronous_979
# Loading xil_defaultlib.Ansynchronous_980
# Loading xil_defaultlib.Ansynchronous_981
# Loading xil_defaultlib.Ansynchronous_982
# Loading xil_defaultlib.Ansynchronous_983
# Loading xil_defaultlib.Ansynchronous_984
# Loading xil_defaultlib.Ansynchronous_985
# Loading xil_defaultlib.Ansynchronous_986
# Loading xil_defaultlib.Ansynchronous_987
# Loading xil_defaultlib.Ansynchronous_988
# Loading xil_defaultlib.Ansynchronous_989
# Loading xil_defaultlib.Ansynchronous_990
# Loading xil_defaultlib.Ansynchronous_991
# Loading xil_defaultlib.Ansynchronous_992
# Loading xil_defaultlib.pcreg_5
# Loading xil_defaultlib.Ansynchronous_929
# Loading xil_defaultlib.Ansynchronous_930
# Loading xil_defaultlib.Ansynchronous_931
# Loading xil_defaultlib.Ansynchronous_932
# Loading xil_defaultlib.Ansynchronous_933
# Loading xil_defaultlib.Ansynchronous_934
# Loading xil_defaultlib.Ansynchronous_935
# Loading xil_defaultlib.Ansynchronous_936
# Loading xil_defaultlib.Ansynchronous_937
# Loading xil_defaultlib.Ansynchronous_938
# Loading xil_defaultlib.Ansynchronous_939
# Loading xil_defaultlib.Ansynchronous_940
# Loading xil_defaultlib.Ansynchronous_941
# Loading xil_defaultlib.Ansynchronous_942
# Loading xil_defaultlib.Ansynchronous_943
# Loading xil_defaultlib.Ansynchronous_944
# Loading xil_defaultlib.Ansynchronous_945
# Loading xil_defaultlib.Ansynchronous_946
# Loading xil_defaultlib.Ansynchronous_947
# Loading xil_defaultlib.Ansynchronous_948
# Loading xil_defaultlib.Ansynchronous_949
# Loading xil_defaultlib.Ansynchronous_950
# Loading xil_defaultlib.Ansynchronous_951
# Loading xil_defaultlib.Ansynchronous_952
# Loading xil_defaultlib.Ansynchronous_953
# Loading xil_defaultlib.Ansynchronous_954
# Loading xil_defaultlib.Ansynchronous_955
# Loading xil_defaultlib.Ansynchronous_956
# Loading xil_defaultlib.Ansynchronous_957
# Loading xil_defaultlib.Ansynchronous_958
# Loading xil_defaultlib.Ansynchronous_959
# Loading xil_defaultlib.Ansynchronous_960
# Loading xil_defaultlib.pcreg_6
# Loading xil_defaultlib.Ansynchronous_897
# Loading xil_defaultlib.Ansynchronous_898
# Loading xil_defaultlib.Ansynchronous_899
# Loading xil_defaultlib.Ansynchronous_900
# Loading xil_defaultlib.Ansynchronous_901
# Loading xil_defaultlib.Ansynchronous_902
# Loading xil_defaultlib.Ansynchronous_903
# Loading xil_defaultlib.Ansynchronous_904
# Loading xil_defaultlib.Ansynchronous_905
# Loading xil_defaultlib.Ansynchronous_906
# Loading xil_defaultlib.Ansynchronous_907
# Loading xil_defaultlib.Ansynchronous_908
# Loading xil_defaultlib.Ansynchronous_909
# Loading xil_defaultlib.Ansynchronous_910
# Loading xil_defaultlib.Ansynchronous_911
# Loading xil_defaultlib.Ansynchronous_912
# Loading xil_defaultlib.Ansynchronous_913
# Loading xil_defaultlib.Ansynchronous_914
# Loading xil_defaultlib.Ansynchronous_915
# Loading xil_defaultlib.Ansynchronous_916
# Loading xil_defaultlib.Ansynchronous_917
# Loading xil_defaultlib.Ansynchronous_918
# Loading xil_defaultlib.Ansynchronous_919
# Loading xil_defaultlib.Ansynchronous_920
# Loading xil_defaultlib.Ansynchronous_921
# Loading xil_defaultlib.Ansynchronous_922
# Loading xil_defaultlib.Ansynchronous_923
# Loading xil_defaultlib.Ansynchronous_924
# Loading xil_defaultlib.Ansynchronous_925
# Loading xil_defaultlib.Ansynchronous_926
# Loading xil_defaultlib.Ansynchronous_927
# Loading xil_defaultlib.Ansynchronous_928
# Loading xil_defaultlib.pcreg_7
# Loading xil_defaultlib.Ansynchronous_865
# Loading xil_defaultlib.Ansynchronous_866
# Loading xil_defaultlib.Ansynchronous_867
# Loading xil_defaultlib.Ansynchronous_868
# Loading xil_defaultlib.Ansynchronous_869
# Loading xil_defaultlib.Ansynchronous_870
# Loading xil_defaultlib.Ansynchronous_871
# Loading xil_defaultlib.Ansynchronous_872
# Loading xil_defaultlib.Ansynchronous_873
# Loading xil_defaultlib.Ansynchronous_874
# Loading xil_defaultlib.Ansynchronous_875
# Loading xil_defaultlib.Ansynchronous_876
# Loading xil_defaultlib.Ansynchronous_877
# Loading xil_defaultlib.Ansynchronous_878
# Loading xil_defaultlib.Ansynchronous_879
# Loading xil_defaultlib.Ansynchronous_880
# Loading xil_defaultlib.Ansynchronous_881
# Loading xil_defaultlib.Ansynchronous_882
# Loading xil_defaultlib.Ansynchronous_883
# Loading xil_defaultlib.Ansynchronous_884
# Loading xil_defaultlib.Ansynchronous_885
# Loading xil_defaultlib.Ansynchronous_886
# Loading xil_defaultlib.Ansynchronous_887
# Loading xil_defaultlib.Ansynchronous_888
# Loading xil_defaultlib.Ansynchronous_889
# Loading xil_defaultlib.Ansynchronous_890
# Loading xil_defaultlib.Ansynchronous_891
# Loading xil_defaultlib.Ansynchronous_892
# Loading xil_defaultlib.Ansynchronous_893
# Loading xil_defaultlib.Ansynchronous_894
# Loading xil_defaultlib.Ansynchronous_895
# Loading xil_defaultlib.Ansynchronous_896
# Loading xil_defaultlib.pcreg_8
# Loading xil_defaultlib.Ansynchronous_833
# Loading xil_defaultlib.Ansynchronous_834
# Loading xil_defaultlib.Ansynchronous_835
# Loading xil_defaultlib.Ansynchronous_836
# Loading xil_defaultlib.Ansynchronous_837
# Loading xil_defaultlib.Ansynchronous_838
# Loading xil_defaultlib.Ansynchronous_839
# Loading xil_defaultlib.Ansynchronous_840
# Loading xil_defaultlib.Ansynchronous_841
# Loading xil_defaultlib.Ansynchronous_842
# Loading xil_defaultlib.Ansynchronous_843
# Loading xil_defaultlib.Ansynchronous_844
# Loading xil_defaultlib.Ansynchronous_845
# Loading xil_defaultlib.Ansynchronous_846
# Loading xil_defaultlib.Ansynchronous_847
# Loading xil_defaultlib.Ansynchronous_848
# Loading xil_defaultlib.Ansynchronous_849
# Loading xil_defaultlib.Ansynchronous_850
# Loading xil_defaultlib.Ansynchronous_851
# Loading xil_defaultlib.Ansynchronous_852
# Loading xil_defaultlib.Ansynchronous_853
# Loading xil_defaultlib.Ansynchronous_854
# Loading xil_defaultlib.Ansynchronous_855
# Loading xil_defaultlib.Ansynchronous_856
# Loading xil_defaultlib.Ansynchronous_857
# Loading xil_defaultlib.Ansynchronous_858
# Loading xil_defaultlib.Ansynchronous_859
# Loading xil_defaultlib.Ansynchronous_860
# Loading xil_defaultlib.Ansynchronous_861
# Loading xil_defaultlib.Ansynchronous_862
# Loading xil_defaultlib.Ansynchronous_863
# Loading xil_defaultlib.Ansynchronous_864
# Loading xil_defaultlib.pcreg_9
# Loading xil_defaultlib.Ansynchronous_801
# Loading xil_defaultlib.Ansynchronous_802
# Loading xil_defaultlib.Ansynchronous_803
# Loading xil_defaultlib.Ansynchronous_804
# Loading xil_defaultlib.Ansynchronous_805
# Loading xil_defaultlib.Ansynchronous_806
# Loading xil_defaultlib.Ansynchronous_807
# Loading xil_defaultlib.Ansynchronous_808
# Loading xil_defaultlib.Ansynchronous_809
# Loading xil_defaultlib.Ansynchronous_810
# Loading xil_defaultlib.Ansynchronous_811
# Loading xil_defaultlib.Ansynchronous_812
# Loading xil_defaultlib.Ansynchronous_813
# Loading xil_defaultlib.Ansynchronous_814
# Loading xil_defaultlib.Ansynchronous_815
# Loading xil_defaultlib.Ansynchronous_816
# Loading xil_defaultlib.Ansynchronous_817
# Loading xil_defaultlib.Ansynchronous_818
# Loading xil_defaultlib.Ansynchronous_819
# Loading xil_defaultlib.Ansynchronous_820
# Loading xil_defaultlib.Ansynchronous_821
# Loading xil_defaultlib.Ansynchronous_822
# Loading xil_defaultlib.Ansynchronous_823
# Loading xil_defaultlib.Ansynchronous_824
# Loading xil_defaultlib.Ansynchronous_825
# Loading xil_defaultlib.Ansynchronous_826
# Loading xil_defaultlib.Ansynchronous_827
# Loading xil_defaultlib.Ansynchronous_828
# Loading xil_defaultlib.Ansynchronous_829
# Loading xil_defaultlib.Ansynchronous_830
# Loading xil_defaultlib.Ansynchronous_831
# Loading xil_defaultlib.Ansynchronous_832
# Loading xil_defaultlib.pcreg_10
# Loading xil_defaultlib.Ansynchronous_769
# Loading xil_defaultlib.Ansynchronous_770
# Loading xil_defaultlib.Ansynchronous_771
# Loading xil_defaultlib.Ansynchronous_772
# Loading xil_defaultlib.Ansynchronous_773
# Loading xil_defaultlib.Ansynchronous_774
# Loading xil_defaultlib.Ansynchronous_775
# Loading xil_defaultlib.Ansynchronous_776
# Loading xil_defaultlib.Ansynchronous_777
# Loading xil_defaultlib.Ansynchronous_778
# Loading xil_defaultlib.Ansynchronous_779
# Loading xil_defaultlib.Ansynchronous_780
# Loading xil_defaultlib.Ansynchronous_781
# Loading xil_defaultlib.Ansynchronous_782
# Loading xil_defaultlib.Ansynchronous_783
# Loading xil_defaultlib.Ansynchronous_784
# Loading xil_defaultlib.Ansynchronous_785
# Loading xil_defaultlib.Ansynchronous_786
# Loading xil_defaultlib.Ansynchronous_787
# Loading xil_defaultlib.Ansynchronous_788
# Loading xil_defaultlib.Ansynchronous_789
# Loading xil_defaultlib.Ansynchronous_790
# Loading xil_defaultlib.Ansynchronous_791
# Loading xil_defaultlib.Ansynchronous_792
# Loading xil_defaultlib.Ansynchronous_793
# Loading xil_defaultlib.Ansynchronous_794
# Loading xil_defaultlib.Ansynchronous_795
# Loading xil_defaultlib.Ansynchronous_796
# Loading xil_defaultlib.Ansynchronous_797
# Loading xil_defaultlib.Ansynchronous_798
# Loading xil_defaultlib.Ansynchronous_799
# Loading xil_defaultlib.Ansynchronous_800
# Loading xil_defaultlib.pcreg_11
# Loading xil_defaultlib.Ansynchronous_737
# Loading xil_defaultlib.Ansynchronous_738
# Loading xil_defaultlib.Ansynchronous_739
# Loading xil_defaultlib.Ansynchronous_740
# Loading xil_defaultlib.Ansynchronous_741
# Loading xil_defaultlib.Ansynchronous_742
# Loading xil_defaultlib.Ansynchronous_743
# Loading xil_defaultlib.Ansynchronous_744
# Loading xil_defaultlib.Ansynchronous_745
# Loading xil_defaultlib.Ansynchronous_746
# Loading xil_defaultlib.Ansynchronous_747
# Loading xil_defaultlib.Ansynchronous_748
# Loading xil_defaultlib.Ansynchronous_749
# Loading xil_defaultlib.Ansynchronous_750
# Loading xil_defaultlib.Ansynchronous_751
# Loading xil_defaultlib.Ansynchronous_752
# Loading xil_defaultlib.Ansynchronous_753
# Loading xil_defaultlib.Ansynchronous_754
# Loading xil_defaultlib.Ansynchronous_755
# Loading xil_defaultlib.Ansynchronous_756
# Loading xil_defaultlib.Ansynchronous_757
# Loading xil_defaultlib.Ansynchronous_758
# Loading xil_defaultlib.Ansynchronous_759
# Loading xil_defaultlib.Ansynchronous_760
# Loading xil_defaultlib.Ansynchronous_761
# Loading xil_defaultlib.Ansynchronous_762
# Loading xil_defaultlib.Ansynchronous_763
# Loading xil_defaultlib.Ansynchronous_764
# Loading xil_defaultlib.Ansynchronous_765
# Loading xil_defaultlib.Ansynchronous_766
# Loading xil_defaultlib.Ansynchronous_767
# Loading xil_defaultlib.Ansynchronous_768
# Loading xil_defaultlib.pcreg_12
# Loading xil_defaultlib.Ansynchronous_705
# Loading xil_defaultlib.Ansynchronous_706
# Loading xil_defaultlib.Ansynchronous_707
# Loading xil_defaultlib.Ansynchronous_708
# Loading xil_defaultlib.Ansynchronous_709
# Loading xil_defaultlib.Ansynchronous_710
# Loading xil_defaultlib.Ansynchronous_711
# Loading xil_defaultlib.Ansynchronous_712
# Loading xil_defaultlib.Ansynchronous_713
# Loading xil_defaultlib.Ansynchronous_714
# Loading xil_defaultlib.Ansynchronous_715
# Loading xil_defaultlib.Ansynchronous_716
# Loading xil_defaultlib.Ansynchronous_717
# Loading xil_defaultlib.Ansynchronous_718
# Loading xil_defaultlib.Ansynchronous_719
# Loading xil_defaultlib.Ansynchronous_720
# Loading xil_defaultlib.Ansynchronous_721
# Loading xil_defaultlib.Ansynchronous_722
# Loading xil_defaultlib.Ansynchronous_723
# Loading xil_defaultlib.Ansynchronous_724
# Loading xil_defaultlib.Ansynchronous_725
# Loading xil_defaultlib.Ansynchronous_726
# Loading xil_defaultlib.Ansynchronous_727
# Loading xil_defaultlib.Ansynchronous_728
# Loading xil_defaultlib.Ansynchronous_729
# Loading xil_defaultlib.Ansynchronous_730
# Loading xil_defaultlib.Ansynchronous_731
# Loading xil_defaultlib.Ansynchronous_732
# Loading xil_defaultlib.Ansynchronous_733
# Loading xil_defaultlib.Ansynchronous_734
# Loading xil_defaultlib.Ansynchronous_735
# Loading xil_defaultlib.Ansynchronous_736
# Loading xil_defaultlib.pcreg_13
# Loading xil_defaultlib.Ansynchronous_673
# Loading xil_defaultlib.Ansynchronous_674
# Loading xil_defaultlib.Ansynchronous_675
# Loading xil_defaultlib.Ansynchronous_676
# Loading xil_defaultlib.Ansynchronous_677
# Loading xil_defaultlib.Ansynchronous_678
# Loading xil_defaultlib.Ansynchronous_679
# Loading xil_defaultlib.Ansynchronous_680
# Loading xil_defaultlib.Ansynchronous_681
# Loading xil_defaultlib.Ansynchronous_682
# Loading xil_defaultlib.Ansynchronous_683
# Loading xil_defaultlib.Ansynchronous_684
# Loading xil_defaultlib.Ansynchronous_685
# Loading xil_defaultlib.Ansynchronous_686
# Loading xil_defaultlib.Ansynchronous_687
# Loading xil_defaultlib.Ansynchronous_688
# Loading xil_defaultlib.Ansynchronous_689
# Loading xil_defaultlib.Ansynchronous_690
# Loading xil_defaultlib.Ansynchronous_691
# Loading xil_defaultlib.Ansynchronous_692
# Loading xil_defaultlib.Ansynchronous_693
# Loading xil_defaultlib.Ansynchronous_694
# Loading xil_defaultlib.Ansynchronous_695
# Loading xil_defaultlib.Ansynchronous_696
# Loading xil_defaultlib.Ansynchronous_697
# Loading xil_defaultlib.Ansynchronous_698
# Loading xil_defaultlib.Ansynchronous_699
# Loading xil_defaultlib.Ansynchronous_700
# Loading xil_defaultlib.Ansynchronous_701
# Loading xil_defaultlib.Ansynchronous_702
# Loading xil_defaultlib.Ansynchronous_703
# Loading xil_defaultlib.Ansynchronous_704
# Loading xil_defaultlib.pcreg_14
# Loading xil_defaultlib.Ansynchronous_641
# Loading xil_defaultlib.Ansynchronous_642
# Loading xil_defaultlib.Ansynchronous_643
# Loading xil_defaultlib.Ansynchronous_644
# Loading xil_defaultlib.Ansynchronous_645
# Loading xil_defaultlib.Ansynchronous_646
# Loading xil_defaultlib.Ansynchronous_647
# Loading xil_defaultlib.Ansynchronous_648
# Loading xil_defaultlib.Ansynchronous_649
# Loading xil_defaultlib.Ansynchronous_650
# Loading xil_defaultlib.Ansynchronous_651
# Loading xil_defaultlib.Ansynchronous_652
# Loading xil_defaultlib.Ansynchronous_653
# Loading xil_defaultlib.Ansynchronous_654
# Loading xil_defaultlib.Ansynchronous_655
# Loading xil_defaultlib.Ansynchronous_656
# Loading xil_defaultlib.Ansynchronous_657
# Loading xil_defaultlib.Ansynchronous_658
# Loading xil_defaultlib.Ansynchronous_659
# Loading xil_defaultlib.Ansynchronous_660
# Loading xil_defaultlib.Ansynchronous_661
# Loading xil_defaultlib.Ansynchronous_662
# Loading xil_defaultlib.Ansynchronous_663
# Loading xil_defaultlib.Ansynchronous_664
# Loading xil_defaultlib.Ansynchronous_665
# Loading xil_defaultlib.Ansynchronous_666
# Loading xil_defaultlib.Ansynchronous_667
# Loading xil_defaultlib.Ansynchronous_668
# Loading xil_defaultlib.Ansynchronous_669
# Loading xil_defaultlib.Ansynchronous_670
# Loading xil_defaultlib.Ansynchronous_671
# Loading xil_defaultlib.Ansynchronous_672
# Loading xil_defaultlib.pcreg_15
# Loading xil_defaultlib.Ansynchronous_609
# Loading xil_defaultlib.Ansynchronous_610
# Loading xil_defaultlib.Ansynchronous_611
# Loading xil_defaultlib.Ansynchronous_612
# Loading xil_defaultlib.Ansynchronous_613
# Loading xil_defaultlib.Ansynchronous_614
# Loading xil_defaultlib.Ansynchronous_615
# Loading xil_defaultlib.Ansynchronous_616
# Loading xil_defaultlib.Ansynchronous_617
# Loading xil_defaultlib.Ansynchronous_618
# Loading xil_defaultlib.Ansynchronous_619
# Loading xil_defaultlib.Ansynchronous_620
# Loading xil_defaultlib.Ansynchronous_621
# Loading xil_defaultlib.Ansynchronous_622
# Loading xil_defaultlib.Ansynchronous_623
# Loading xil_defaultlib.Ansynchronous_624
# Loading xil_defaultlib.Ansynchronous_625
# Loading xil_defaultlib.Ansynchronous_626
# Loading xil_defaultlib.Ansynchronous_627
# Loading xil_defaultlib.Ansynchronous_628
# Loading xil_defaultlib.Ansynchronous_629
# Loading xil_defaultlib.Ansynchronous_630
# Loading xil_defaultlib.Ansynchronous_631
# Loading xil_defaultlib.Ansynchronous_632
# Loading xil_defaultlib.Ansynchronous_633
# Loading xil_defaultlib.Ansynchronous_634
# Loading xil_defaultlib.Ansynchronous_635
# Loading xil_defaultlib.Ansynchronous_636
# Loading xil_defaultlib.Ansynchronous_637
# Loading xil_defaultlib.Ansynchronous_638
# Loading xil_defaultlib.Ansynchronous_639
# Loading xil_defaultlib.Ansynchronous_640
# Loading xil_defaultlib.pcreg_16
# Loading xil_defaultlib.Ansynchronous_577
# Loading xil_defaultlib.Ansynchronous_578
# Loading xil_defaultlib.Ansynchronous_579
# Loading xil_defaultlib.Ansynchronous_580
# Loading xil_defaultlib.Ansynchronous_581
# Loading xil_defaultlib.Ansynchronous_582
# Loading xil_defaultlib.Ansynchronous_583
# Loading xil_defaultlib.Ansynchronous_584
# Loading xil_defaultlib.Ansynchronous_585
# Loading xil_defaultlib.Ansynchronous_586
# Loading xil_defaultlib.Ansynchronous_587
# Loading xil_defaultlib.Ansynchronous_588
# Loading xil_defaultlib.Ansynchronous_589
# Loading xil_defaultlib.Ansynchronous_590
# Loading xil_defaultlib.Ansynchronous_591
# Loading xil_defaultlib.Ansynchronous_592
# Loading xil_defaultlib.Ansynchronous_593
# Loading xil_defaultlib.Ansynchronous_594
# Loading xil_defaultlib.Ansynchronous_595
# Loading xil_defaultlib.Ansynchronous_596
# Loading xil_defaultlib.Ansynchronous_597
# Loading xil_defaultlib.Ansynchronous_598
# Loading xil_defaultlib.Ansynchronous_599
# Loading xil_defaultlib.Ansynchronous_600
# Loading xil_defaultlib.Ansynchronous_601
# Loading xil_defaultlib.Ansynchronous_602
# Loading xil_defaultlib.Ansynchronous_603
# Loading xil_defaultlib.Ansynchronous_604
# Loading xil_defaultlib.Ansynchronous_605
# Loading xil_defaultlib.Ansynchronous_606
# Loading xil_defaultlib.Ansynchronous_607
# Loading xil_defaultlib.Ansynchronous_608
# Loading xil_defaultlib.pcreg_17
# Loading xil_defaultlib.Ansynchronous_545
# Loading xil_defaultlib.Ansynchronous_546
# Loading xil_defaultlib.Ansynchronous_547
# Loading xil_defaultlib.Ansynchronous_548
# Loading xil_defaultlib.Ansynchronous_549
# Loading xil_defaultlib.Ansynchronous_550
# Loading xil_defaultlib.Ansynchronous_551
# Loading xil_defaultlib.Ansynchronous_552
# Loading xil_defaultlib.Ansynchronous_553
# Loading xil_defaultlib.Ansynchronous_554
# Loading xil_defaultlib.Ansynchronous_555
# Loading xil_defaultlib.Ansynchronous_556
# Loading xil_defaultlib.Ansynchronous_557
# Loading xil_defaultlib.Ansynchronous_558
# Loading xil_defaultlib.Ansynchronous_559
# Loading xil_defaultlib.Ansynchronous_560
# Loading xil_defaultlib.Ansynchronous_561
# Loading xil_defaultlib.Ansynchronous_562
# Loading xil_defaultlib.Ansynchronous_563
# Loading xil_defaultlib.Ansynchronous_564
# Loading xil_defaultlib.Ansynchronous_565
# Loading xil_defaultlib.Ansynchronous_566
# Loading xil_defaultlib.Ansynchronous_567
# Loading xil_defaultlib.Ansynchronous_568
# Loading xil_defaultlib.Ansynchronous_569
# Loading xil_defaultlib.Ansynchronous_570
# Loading xil_defaultlib.Ansynchronous_571
# Loading xil_defaultlib.Ansynchronous_572
# Loading xil_defaultlib.Ansynchronous_573
# Loading xil_defaultlib.Ansynchronous_574
# Loading xil_defaultlib.Ansynchronous_575
# Loading xil_defaultlib.Ansynchronous_576
# Loading xil_defaultlib.pcreg_18
# Loading xil_defaultlib.Ansynchronous_513
# Loading xil_defaultlib.Ansynchronous_514
# Loading xil_defaultlib.Ansynchronous_515
# Loading xil_defaultlib.Ansynchronous_516
# Loading xil_defaultlib.Ansynchronous_517
# Loading xil_defaultlib.Ansynchronous_518
# Loading xil_defaultlib.Ansynchronous_519
# Loading xil_defaultlib.Ansynchronous_520
# Loading xil_defaultlib.Ansynchronous_521
# Loading xil_defaultlib.Ansynchronous_522
# Loading xil_defaultlib.Ansynchronous_523
# Loading xil_defaultlib.Ansynchronous_524
# Loading xil_defaultlib.Ansynchronous_525
# Loading xil_defaultlib.Ansynchronous_526
# Loading xil_defaultlib.Ansynchronous_527
# Loading xil_defaultlib.Ansynchronous_528
# Loading xil_defaultlib.Ansynchronous_529
# Loading xil_defaultlib.Ansynchronous_530
# Loading xil_defaultlib.Ansynchronous_531
# Loading xil_defaultlib.Ansynchronous_532
# Loading xil_defaultlib.Ansynchronous_533
# Loading xil_defaultlib.Ansynchronous_534
# Loading xil_defaultlib.Ansynchronous_535
# Loading xil_defaultlib.Ansynchronous_536
# Loading xil_defaultlib.Ansynchronous_537
# Loading xil_defaultlib.Ansynchronous_538
# Loading xil_defaultlib.Ansynchronous_539
# Loading xil_defaultlib.Ansynchronous_540
# Loading xil_defaultlib.Ansynchronous_541
# Loading xil_defaultlib.Ansynchronous_542
# Loading xil_defaultlib.Ansynchronous_543
# Loading xil_defaultlib.Ansynchronous_544
# Loading xil_defaultlib.pcreg_19
# Loading xil_defaultlib.Ansynchronous_481
# Loading xil_defaultlib.Ansynchronous_482
# Loading xil_defaultlib.Ansynchronous_483
# Loading xil_defaultlib.Ansynchronous_484
# Loading xil_defaultlib.Ansynchronous_485
# Loading xil_defaultlib.Ansynchronous_486
# Loading xil_defaultlib.Ansynchronous_487
# Loading xil_defaultlib.Ansynchronous_488
# Loading xil_defaultlib.Ansynchronous_489
# Loading xil_defaultlib.Ansynchronous_490
# Loading xil_defaultlib.Ansynchronous_491
# Loading xil_defaultlib.Ansynchronous_492
# Loading xil_defaultlib.Ansynchronous_493
# Loading xil_defaultlib.Ansynchronous_494
# Loading xil_defaultlib.Ansynchronous_495
# Loading xil_defaultlib.Ansynchronous_496
# Loading xil_defaultlib.Ansynchronous_497
# Loading xil_defaultlib.Ansynchronous_498
# Loading xil_defaultlib.Ansynchronous_499
# Loading xil_defaultlib.Ansynchronous_500
# Loading xil_defaultlib.Ansynchronous_501
# Loading xil_defaultlib.Ansynchronous_502
# Loading xil_defaultlib.Ansynchronous_503
# Loading xil_defaultlib.Ansynchronous_504
# Loading xil_defaultlib.Ansynchronous_505
# Loading xil_defaultlib.Ansynchronous_506
# Loading xil_defaultlib.Ansynchronous_507
# Loading xil_defaultlib.Ansynchronous_508
# Loading xil_defaultlib.Ansynchronous_509
# Loading xil_defaultlib.Ansynchronous_510
# Loading xil_defaultlib.Ansynchronous_511
# Loading xil_defaultlib.Ansynchronous_512
# Loading xil_defaultlib.pcreg_20
# Loading xil_defaultlib.Ansynchronous_449
# Loading xil_defaultlib.Ansynchronous_450
# Loading xil_defaultlib.Ansynchronous_451
# Loading xil_defaultlib.Ansynchronous_452
# Loading xil_defaultlib.Ansynchronous_453
# Loading xil_defaultlib.Ansynchronous_454
# Loading xil_defaultlib.Ansynchronous_455
# Loading xil_defaultlib.Ansynchronous_456
# Loading xil_defaultlib.Ansynchronous_457
# Loading xil_defaultlib.Ansynchronous_458
# Loading xil_defaultlib.Ansynchronous_459
# Loading xil_defaultlib.Ansynchronous_460
# Loading xil_defaultlib.Ansynchronous_461
# Loading xil_defaultlib.Ansynchronous_462
# Loading xil_defaultlib.Ansynchronous_463
# Loading xil_defaultlib.Ansynchronous_464
# Loading xil_defaultlib.Ansynchronous_465
# Loading xil_defaultlib.Ansynchronous_466
# Loading xil_defaultlib.Ansynchronous_467
# Loading xil_defaultlib.Ansynchronous_468
# Loading xil_defaultlib.Ansynchronous_469
# Loading xil_defaultlib.Ansynchronous_470
# Loading xil_defaultlib.Ansynchronous_471
# Loading xil_defaultlib.Ansynchronous_472
# Loading xil_defaultlib.Ansynchronous_473
# Loading xil_defaultlib.Ansynchronous_474
# Loading xil_defaultlib.Ansynchronous_475
# Loading xil_defaultlib.Ansynchronous_476
# Loading xil_defaultlib.Ansynchronous_477
# Loading xil_defaultlib.Ansynchronous_478
# Loading xil_defaultlib.Ansynchronous_479
# Loading xil_defaultlib.Ansynchronous_480
# Loading xil_defaultlib.pcreg_21
# Loading xil_defaultlib.Ansynchronous_417
# Loading xil_defaultlib.Ansynchronous_418
# Loading xil_defaultlib.Ansynchronous_419
# Loading xil_defaultlib.Ansynchronous_420
# Loading xil_defaultlib.Ansynchronous_421
# Loading xil_defaultlib.Ansynchronous_422
# Loading xil_defaultlib.Ansynchronous_423
# Loading xil_defaultlib.Ansynchronous_424
# Loading xil_defaultlib.Ansynchronous_425
# Loading xil_defaultlib.Ansynchronous_426
# Loading xil_defaultlib.Ansynchronous_427
# Loading xil_defaultlib.Ansynchronous_428
# Loading xil_defaultlib.Ansynchronous_429
# Loading xil_defaultlib.Ansynchronous_430
# Loading xil_defaultlib.Ansynchronous_431
# Loading xil_defaultlib.Ansynchronous_432
# Loading xil_defaultlib.Ansynchronous_433
# Loading xil_defaultlib.Ansynchronous_434
# Loading xil_defaultlib.Ansynchronous_435
# Loading xil_defaultlib.Ansynchronous_436
# Loading xil_defaultlib.Ansynchronous_437
# Loading xil_defaultlib.Ansynchronous_438
# Loading xil_defaultlib.Ansynchronous_439
# Loading xil_defaultlib.Ansynchronous_440
# Loading xil_defaultlib.Ansynchronous_441
# Loading xil_defaultlib.Ansynchronous_442
# Loading xil_defaultlib.Ansynchronous_443
# Loading xil_defaultlib.Ansynchronous_444
# Loading xil_defaultlib.Ansynchronous_445
# Loading xil_defaultlib.Ansynchronous_446
# Loading xil_defaultlib.Ansynchronous_447
# Loading xil_defaultlib.Ansynchronous_448
# Loading xil_defaultlib.pcreg_22
# Loading xil_defaultlib.Ansynchronous_385
# Loading xil_defaultlib.Ansynchronous_386
# Loading xil_defaultlib.Ansynchronous_387
# Loading xil_defaultlib.Ansynchronous_388
# Loading xil_defaultlib.Ansynchronous_389
# Loading xil_defaultlib.Ansynchronous_390
# Loading xil_defaultlib.Ansynchronous_391
# Loading xil_defaultlib.Ansynchronous_392
# Loading xil_defaultlib.Ansynchronous_393
# Loading xil_defaultlib.Ansynchronous_394
# Loading xil_defaultlib.Ansynchronous_395
# Loading xil_defaultlib.Ansynchronous_396
# Loading xil_defaultlib.Ansynchronous_397
# Loading xil_defaultlib.Ansynchronous_398
# Loading xil_defaultlib.Ansynchronous_399
# Loading xil_defaultlib.Ansynchronous_400
# Loading xil_defaultlib.Ansynchronous_401
# Loading xil_defaultlib.Ansynchronous_402
# Loading xil_defaultlib.Ansynchronous_403
# Loading xil_defaultlib.Ansynchronous_404
# Loading xil_defaultlib.Ansynchronous_405
# Loading xil_defaultlib.Ansynchronous_406
# Loading xil_defaultlib.Ansynchronous_407
# Loading xil_defaultlib.Ansynchronous_408
# Loading xil_defaultlib.Ansynchronous_409
# Loading xil_defaultlib.Ansynchronous_410
# Loading xil_defaultlib.Ansynchronous_411
# Loading xil_defaultlib.Ansynchronous_412
# Loading xil_defaultlib.Ansynchronous_413
# Loading xil_defaultlib.Ansynchronous_414
# Loading xil_defaultlib.Ansynchronous_415
# Loading xil_defaultlib.Ansynchronous_416
# Loading xil_defaultlib.pcreg_23
# Loading xil_defaultlib.Ansynchronous_353
# Loading xil_defaultlib.Ansynchronous_354
# Loading xil_defaultlib.Ansynchronous_355
# Loading xil_defaultlib.Ansynchronous_356
# Loading xil_defaultlib.Ansynchronous_357
# Loading xil_defaultlib.Ansynchronous_358
# Loading xil_defaultlib.Ansynchronous_359
# Loading xil_defaultlib.Ansynchronous_360
# Loading xil_defaultlib.Ansynchronous_361
# Loading xil_defaultlib.Ansynchronous_362
# Loading xil_defaultlib.Ansynchronous_363
# Loading xil_defaultlib.Ansynchronous_364
# Loading xil_defaultlib.Ansynchronous_365
# Loading xil_defaultlib.Ansynchronous_366
# Loading xil_defaultlib.Ansynchronous_367
# Loading xil_defaultlib.Ansynchronous_368
# Loading xil_defaultlib.Ansynchronous_369
# Loading xil_defaultlib.Ansynchronous_370
# Loading xil_defaultlib.Ansynchronous_371
# Loading xil_defaultlib.Ansynchronous_372
# Loading xil_defaultlib.Ansynchronous_373
# Loading xil_defaultlib.Ansynchronous_374
# Loading xil_defaultlib.Ansynchronous_375
# Loading xil_defaultlib.Ansynchronous_376
# Loading xil_defaultlib.Ansynchronous_377
# Loading xil_defaultlib.Ansynchronous_378
# Loading xil_defaultlib.Ansynchronous_379
# Loading xil_defaultlib.Ansynchronous_380
# Loading xil_defaultlib.Ansynchronous_381
# Loading xil_defaultlib.Ansynchronous_382
# Loading xil_defaultlib.Ansynchronous_383
# Loading xil_defaultlib.Ansynchronous_384
# Loading xil_defaultlib.pcreg_24
# Loading xil_defaultlib.Ansynchronous_321
# Loading xil_defaultlib.Ansynchronous_322
# Loading xil_defaultlib.Ansynchronous_323
# Loading xil_defaultlib.Ansynchronous_324
# Loading xil_defaultlib.Ansynchronous_325
# Loading xil_defaultlib.Ansynchronous_326
# Loading xil_defaultlib.Ansynchronous_327
# Loading xil_defaultlib.Ansynchronous_328
# Loading xil_defaultlib.Ansynchronous_329
# Loading xil_defaultlib.Ansynchronous_330
# Loading xil_defaultlib.Ansynchronous_331
# Loading xil_defaultlib.Ansynchronous_332
# Loading xil_defaultlib.Ansynchronous_333
# Loading xil_defaultlib.Ansynchronous_334
# Loading xil_defaultlib.Ansynchronous_335
# Loading xil_defaultlib.Ansynchronous_336
# Loading xil_defaultlib.Ansynchronous_337
# Loading xil_defaultlib.Ansynchronous_338
# Loading xil_defaultlib.Ansynchronous_339
# Loading xil_defaultlib.Ansynchronous_340
# Loading xil_defaultlib.Ansynchronous_341
# Loading xil_defaultlib.Ansynchronous_342
# Loading xil_defaultlib.Ansynchronous_343
# Loading xil_defaultlib.Ansynchronous_344
# Loading xil_defaultlib.Ansynchronous_345
# Loading xil_defaultlib.Ansynchronous_346
# Loading xil_defaultlib.Ansynchronous_347
# Loading xil_defaultlib.Ansynchronous_348
# Loading xil_defaultlib.Ansynchronous_349
# Loading xil_defaultlib.Ansynchronous_350
# Loading xil_defaultlib.Ansynchronous_351
# Loading xil_defaultlib.Ansynchronous_352
# Loading xil_defaultlib.pcreg_25
# Loading xil_defaultlib.Ansynchronous_289
# Loading xil_defaultlib.Ansynchronous_290
# Loading xil_defaultlib.Ansynchronous_291
# Loading xil_defaultlib.Ansynchronous_292
# Loading xil_defaultlib.Ansynchronous_293
# Loading xil_defaultlib.Ansynchronous_294
# Loading xil_defaultlib.Ansynchronous_295
# Loading xil_defaultlib.Ansynchronous_296
# Loading xil_defaultlib.Ansynchronous_297
# Loading xil_defaultlib.Ansynchronous_298
# Loading xil_defaultlib.Ansynchronous_299
# Loading xil_defaultlib.Ansynchronous_300
# Loading xil_defaultlib.Ansynchronous_301
# Loading xil_defaultlib.Ansynchronous_302
# Loading xil_defaultlib.Ansynchronous_303
# Loading xil_defaultlib.Ansynchronous_304
# Loading xil_defaultlib.Ansynchronous_305
# Loading xil_defaultlib.Ansynchronous_306
# Loading xil_defaultlib.Ansynchronous_307
# Loading xil_defaultlib.Ansynchronous_308
# Loading xil_defaultlib.Ansynchronous_309
# Loading xil_defaultlib.Ansynchronous_310
# Loading xil_defaultlib.Ansynchronous_311
# Loading xil_defaultlib.Ansynchronous_312
# Loading xil_defaultlib.Ansynchronous_313
# Loading xil_defaultlib.Ansynchronous_314
# Loading xil_defaultlib.Ansynchronous_315
# Loading xil_defaultlib.Ansynchronous_316
# Loading xil_defaultlib.Ansynchronous_317
# Loading xil_defaultlib.Ansynchronous_318
# Loading xil_defaultlib.Ansynchronous_319
# Loading xil_defaultlib.Ansynchronous_320
# Loading xil_defaultlib.pcreg_26
# Loading xil_defaultlib.Ansynchronous_257
# Loading xil_defaultlib.Ansynchronous_258
# Loading xil_defaultlib.Ansynchronous_259
# Loading xil_defaultlib.Ansynchronous_260
# Loading xil_defaultlib.Ansynchronous_261
# Loading xil_defaultlib.Ansynchronous_262
# Loading xil_defaultlib.Ansynchronous_263
# Loading xil_defaultlib.Ansynchronous_264
# Loading xil_defaultlib.Ansynchronous_265
# Loading xil_defaultlib.Ansynchronous_266
# Loading xil_defaultlib.Ansynchronous_267
# Loading xil_defaultlib.Ansynchronous_268
# Loading xil_defaultlib.Ansynchronous_269
# Loading xil_defaultlib.Ansynchronous_270
# Loading xil_defaultlib.Ansynchronous_271
# Loading xil_defaultlib.Ansynchronous_272
# Loading xil_defaultlib.Ansynchronous_273
# Loading xil_defaultlib.Ansynchronous_274
# Loading xil_defaultlib.Ansynchronous_275
# Loading xil_defaultlib.Ansynchronous_276
# Loading xil_defaultlib.Ansynchronous_277
# Loading xil_defaultlib.Ansynchronous_278
# Loading xil_defaultlib.Ansynchronous_279
# Loading xil_defaultlib.Ansynchronous_280
# Loading xil_defaultlib.Ansynchronous_281
# Loading xil_defaultlib.Ansynchronous_282
# Loading xil_defaultlib.Ansynchronous_283
# Loading xil_defaultlib.Ansynchronous_284
# Loading xil_defaultlib.Ansynchronous_285
# Loading xil_defaultlib.Ansynchronous_286
# Loading xil_defaultlib.Ansynchronous_287
# Loading xil_defaultlib.Ansynchronous_288
# Loading xil_defaultlib.pcreg_27
# Loading xil_defaultlib.Ansynchronous_225
# Loading xil_defaultlib.Ansynchronous_226
# Loading xil_defaultlib.Ansynchronous_227
# Loading xil_defaultlib.Ansynchronous_228
# Loading xil_defaultlib.Ansynchronous_229
# Loading xil_defaultlib.Ansynchronous_230
# Loading xil_defaultlib.Ansynchronous_231
# Loading xil_defaultlib.Ansynchronous_232
# Loading xil_defaultlib.Ansynchronous_233
# Loading xil_defaultlib.Ansynchronous_234
# Loading xil_defaultlib.Ansynchronous_235
# Loading xil_defaultlib.Ansynchronous_236
# Loading xil_defaultlib.Ansynchronous_237
# Loading xil_defaultlib.Ansynchronous_238
# Loading xil_defaultlib.Ansynchronous_239
# Loading xil_defaultlib.Ansynchronous_240
# Loading xil_defaultlib.Ansynchronous_241
# Loading xil_defaultlib.Ansynchronous_242
# Loading xil_defaultlib.Ansynchronous_243
# Loading xil_defaultlib.Ansynchronous_244
# Loading xil_defaultlib.Ansynchronous_245
# Loading xil_defaultlib.Ansynchronous_246
# Loading xil_defaultlib.Ansynchronous_247
# Loading xil_defaultlib.Ansynchronous_248
# Loading xil_defaultlib.Ansynchronous_249
# Loading xil_defaultlib.Ansynchronous_250
# Loading xil_defaultlib.Ansynchronous_251
# Loading xil_defaultlib.Ansynchronous_252
# Loading xil_defaultlib.Ansynchronous_253
# Loading xil_defaultlib.Ansynchronous_254
# Loading xil_defaultlib.Ansynchronous_255
# Loading xil_defaultlib.Ansynchronous_256
# Loading xil_defaultlib.pcreg_28
# Loading xil_defaultlib.Ansynchronous_193
# Loading xil_defaultlib.Ansynchronous_194
# Loading xil_defaultlib.Ansynchronous_195
# Loading xil_defaultlib.Ansynchronous_196
# Loading xil_defaultlib.Ansynchronous_197
# Loading xil_defaultlib.Ansynchronous_198
# Loading xil_defaultlib.Ansynchronous_199
# Loading xil_defaultlib.Ansynchronous_200
# Loading xil_defaultlib.Ansynchronous_201
# Loading xil_defaultlib.Ansynchronous_202
# Loading xil_defaultlib.Ansynchronous_203
# Loading xil_defaultlib.Ansynchronous_204
# Loading xil_defaultlib.Ansynchronous_205
# Loading xil_defaultlib.Ansynchronous_206
# Loading xil_defaultlib.Ansynchronous_207
# Loading xil_defaultlib.Ansynchronous_208
# Loading xil_defaultlib.Ansynchronous_209
# Loading xil_defaultlib.Ansynchronous_210
# Loading xil_defaultlib.Ansynchronous_211
# Loading xil_defaultlib.Ansynchronous_212
# Loading xil_defaultlib.Ansynchronous_213
# Loading xil_defaultlib.Ansynchronous_214
# Loading xil_defaultlib.Ansynchronous_215
# Loading xil_defaultlib.Ansynchronous_216
# Loading xil_defaultlib.Ansynchronous_217
# Loading xil_defaultlib.Ansynchronous_218
# Loading xil_defaultlib.Ansynchronous_219
# Loading xil_defaultlib.Ansynchronous_220
# Loading xil_defaultlib.Ansynchronous_221
# Loading xil_defaultlib.Ansynchronous_222
# Loading xil_defaultlib.Ansynchronous_223
# Loading xil_defaultlib.Ansynchronous_224
# Loading xil_defaultlib.pcreg_29
# Loading xil_defaultlib.Ansynchronous_161
# Loading xil_defaultlib.Ansynchronous_162
# Loading xil_defaultlib.Ansynchronous_163
# Loading xil_defaultlib.Ansynchronous_164
# Loading xil_defaultlib.Ansynchronous_165
# Loading xil_defaultlib.Ansynchronous_166
# Loading xil_defaultlib.Ansynchronous_167
# Loading xil_defaultlib.Ansynchronous_168
# Loading xil_defaultlib.Ansynchronous_169
# Loading xil_defaultlib.Ansynchronous_170
# Loading xil_defaultlib.Ansynchronous_171
# Loading xil_defaultlib.Ansynchronous_172
# Loading xil_defaultlib.Ansynchronous_173
# Loading xil_defaultlib.Ansynchronous_174
# Loading xil_defaultlib.Ansynchronous_175
# Loading xil_defaultlib.Ansynchronous_176
# Loading xil_defaultlib.Ansynchronous_177
# Loading xil_defaultlib.Ansynchronous_178
# Loading xil_defaultlib.Ansynchronous_179
# Loading xil_defaultlib.Ansynchronous_180
# Loading xil_defaultlib.Ansynchronous_181
# Loading xil_defaultlib.Ansynchronous_182
# Loading xil_defaultlib.Ansynchronous_183
# Loading xil_defaultlib.Ansynchronous_184
# Loading xil_defaultlib.Ansynchronous_185
# Loading xil_defaultlib.Ansynchronous_186
# Loading xil_defaultlib.Ansynchronous_187
# Loading xil_defaultlib.Ansynchronous_188
# Loading xil_defaultlib.Ansynchronous_189
# Loading xil_defaultlib.Ansynchronous_190
# Loading xil_defaultlib.Ansynchronous_191
# Loading xil_defaultlib.Ansynchronous_192
# Loading xil_defaultlib.pcreg_30
# Loading xil_defaultlib.Ansynchronous_129
# Loading xil_defaultlib.Ansynchronous_130
# Loading xil_defaultlib.Ansynchronous_131
# Loading xil_defaultlib.Ansynchronous_132
# Loading xil_defaultlib.Ansynchronous_133
# Loading xil_defaultlib.Ansynchronous_134
# Loading xil_defaultlib.Ansynchronous_135
# Loading xil_defaultlib.Ansynchronous_136
# Loading xil_defaultlib.Ansynchronous_137
# Loading xil_defaultlib.Ansynchronous_138
# Loading xil_defaultlib.Ansynchronous_139
# Loading xil_defaultlib.Ansynchronous_140
# Loading xil_defaultlib.Ansynchronous_141
# Loading xil_defaultlib.Ansynchronous_142
# Loading xil_defaultlib.Ansynchronous_143
# Loading xil_defaultlib.Ansynchronous_144
# Loading xil_defaultlib.Ansynchronous_145
# Loading xil_defaultlib.Ansynchronous_146
# Loading xil_defaultlib.Ansynchronous_147
# Loading xil_defaultlib.Ansynchronous_148
# Loading xil_defaultlib.Ansynchronous_149
# Loading xil_defaultlib.Ansynchronous_150
# Loading xil_defaultlib.Ansynchronous_151
# Loading xil_defaultlib.Ansynchronous_152
# Loading xil_defaultlib.Ansynchronous_153
# Loading xil_defaultlib.Ansynchronous_154
# Loading xil_defaultlib.Ansynchronous_155
# Loading xil_defaultlib.Ansynchronous_156
# Loading xil_defaultlib.Ansynchronous_157
# Loading xil_defaultlib.Ansynchronous_158
# Loading xil_defaultlib.Ansynchronous_159
# Loading xil_defaultlib.Ansynchronous_160
# Loading xil_defaultlib.pcreg_31
# Loading xil_defaultlib.Ansynchronous_97
# Loading xil_defaultlib.Ansynchronous_98
# Loading xil_defaultlib.Ansynchronous_99
# Loading xil_defaultlib.Ansynchronous_100
# Loading xil_defaultlib.Ansynchronous_101
# Loading xil_defaultlib.Ansynchronous_102
# Loading xil_defaultlib.Ansynchronous_103
# Loading xil_defaultlib.Ansynchronous_104
# Loading xil_defaultlib.Ansynchronous_105
# Loading xil_defaultlib.Ansynchronous_106
# Loading xil_defaultlib.Ansynchronous_107
# Loading xil_defaultlib.Ansynchronous_108
# Loading xil_defaultlib.Ansynchronous_109
# Loading xil_defaultlib.Ansynchronous_110
# Loading xil_defaultlib.Ansynchronous_111
# Loading xil_defaultlib.Ansynchronous_112
# Loading xil_defaultlib.Ansynchronous_113
# Loading xil_defaultlib.Ansynchronous_114
# Loading xil_defaultlib.Ansynchronous_115
# Loading xil_defaultlib.Ansynchronous_116
# Loading xil_defaultlib.Ansynchronous_117
# Loading xil_defaultlib.Ansynchronous_118
# Loading xil_defaultlib.Ansynchronous_119
# Loading xil_defaultlib.Ansynchronous_120
# Loading xil_defaultlib.Ansynchronous_121
# Loading xil_defaultlib.Ansynchronous_122
# Loading xil_defaultlib.Ansynchronous_123
# Loading xil_defaultlib.Ansynchronous_124
# Loading xil_defaultlib.Ansynchronous_125
# Loading xil_defaultlib.Ansynchronous_126
# Loading xil_defaultlib.Ansynchronous_127
# Loading xil_defaultlib.Ansynchronous_128
# Loading xil_defaultlib.pcreg_32
# Loading xil_defaultlib.Ansynchronous_65
# Loading xil_defaultlib.Ansynchronous_66
# Loading xil_defaultlib.Ansynchronous_67
# Loading xil_defaultlib.Ansynchronous_68
# Loading xil_defaultlib.Ansynchronous_69
# Loading xil_defaultlib.Ansynchronous_70
# Loading xil_defaultlib.Ansynchronous_71
# Loading xil_defaultlib.Ansynchronous_72
# Loading xil_defaultlib.Ansynchronous_73
# Loading xil_defaultlib.Ansynchronous_74
# Loading xil_defaultlib.Ansynchronous_75
# Loading xil_defaultlib.Ansynchronous_76
# Loading xil_defaultlib.Ansynchronous_77
# Loading xil_defaultlib.Ansynchronous_78
# Loading xil_defaultlib.Ansynchronous_79
# Loading xil_defaultlib.Ansynchronous_80
# Loading xil_defaultlib.Ansynchronous_81
# Loading xil_defaultlib.Ansynchronous_82
# Loading xil_defaultlib.Ansynchronous_83
# Loading xil_defaultlib.Ansynchronous_84
# Loading xil_defaultlib.Ansynchronous_85
# Loading xil_defaultlib.Ansynchronous_86
# Loading xil_defaultlib.Ansynchronous_87
# Loading xil_defaultlib.Ansynchronous_88
# Loading xil_defaultlib.Ansynchronous_89
# Loading xil_defaultlib.Ansynchronous_90
# Loading xil_defaultlib.Ansynchronous_91
# Loading xil_defaultlib.Ansynchronous_92
# Loading xil_defaultlib.Ansynchronous_93
# Loading xil_defaultlib.Ansynchronous_94
# Loading xil_defaultlib.Ansynchronous_95
# Loading xil_defaultlib.Ansynchronous_96
# Loading xil_defaultlib.pcreg_33
# Loading xil_defaultlib.Ansynchronous
# Loading xil_defaultlib.Ansynchronous_34
# Loading xil_defaultlib.Ansynchronous_35
# Loading xil_defaultlib.Ansynchronous_36
# Loading xil_defaultlib.Ansynchronous_37
# Loading xil_defaultlib.Ansynchronous_38
# Loading xil_defaultlib.Ansynchronous_39
# Loading xil_defaultlib.Ansynchronous_40
# Loading xil_defaultlib.Ansynchronous_41
# Loading xil_defaultlib.Ansynchronous_42
# Loading xil_defaultlib.Ansynchronous_43
# Loading xil_defaultlib.Ansynchronous_44
# Loading xil_defaultlib.Ansynchronous_45
# Loading xil_defaultlib.Ansynchronous_46
# Loading xil_defaultlib.Ansynchronous_47
# Loading xil_defaultlib.Ansynchronous_48
# Loading xil_defaultlib.Ansynchronous_49
# Loading xil_defaultlib.Ansynchronous_50
# Loading xil_defaultlib.Ansynchronous_51
# Loading xil_defaultlib.Ansynchronous_52
# Loading xil_defaultlib.Ansynchronous_53
# Loading xil_defaultlib.Ansynchronous_54
# Loading xil_defaultlib.Ansynchronous_55
# Loading xil_defaultlib.Ansynchronous_56
# Loading xil_defaultlib.Ansynchronous_57
# Loading xil_defaultlib.Ansynchronous_58
# Loading xil_defaultlib.Ansynchronous_59
# Loading xil_defaultlib.Ansynchronous_60
# Loading xil_defaultlib.Ansynchronous_61
# Loading xil_defaultlib.Ansynchronous_62
# Loading xil_defaultlib.Ansynchronous_63
# Loading xil_defaultlib.Ansynchronous_64
# Loading xil_defaultlib.glbl
# SDF 10.4c Compiler 2015.07 Jul 20 2015
# 
# Loading instances from test_post_synthesis_time_synth.sdf
# Loading simprims_ver.sffsrce_fdre
# Loading simprims_ver.x_lut3_mux4
# Loading simprims_ver.x_lut2_mux4
# Loading simprims_ver.x_lut1_mux2
# Loading simprims_ver.latchsre_ldce
# Loading simprims_ver.ffsrce_fdce
# Loading simprims_ver.ffsrce_fdpe
# Loading timing data from test_post_synthesis_time_synth.sdf
# ** Note: (vsim-3587) SDF Backannotation Successfully Completed.
#    Time: 0 ps  Iteration: 0  Instance: /test_post_synthesis File: ../../../../multicycleCPU54.srcs/sim_1/new/cpu_tb_post_synthesis.v
# ** Warning: (vsim-3316) No solution possible for some delayed timing check nets. 15118 negative limits were zeroed. Use +ntc_warn for more info.
#    Time: 0 ps  Iteration: 0  Instance: /test_post_synthesis File: ../../../../multicycleCPU54.srcs/sim_1/new/cpu_tb_post_synthesis.v
# .main_pane.wave.interior.cs.body.pw.wf
# .main_pane.structure.interior.cs.body.struct
# .main_pane.objects.interior.cs.body.tree
# End time: 23:59:56 on Aug 19,2020, Elapsed time: 3:04:37
# Errors: 0, Warnings: 1
