#-----------------------------------------------------------
# Vivado v2016.2 (64-bit)
# SW Build 1577090 on Thu Jun  2 16:32:40 MDT 2016
# IP Build 1577682 on Fri Jun  3 12:00:54 MDT 2016
# Start of session at: Thu Nov 19 23:32:52 2020
# Process ID: 17432
# Current directory: G:/document/semester4/ComputerOrganizationDesign/CPU54/multicycleCPU54
# Command line: vivado.exe -gui_launcher_event rodinguilauncherevent24356 G:\document\semester4\ComputerOrganizationDesign\CPU54\multicycleCPU54\multicycleCPU54.xpr
# Log file: G:/document/semester4/ComputerOrganizationDesign/CPU54/multicycleCPU54/vivado.log
# Journal file: G:/document/semester4/ComputerOrganizationDesign/CPU54/multicycleCPU54\vivado.jou
#-----------------------------------------------------------
start_gui
open_project G:/document/semester4/ComputerOrganizationDesign/CPU54/multicycleCPU54/multicycleCPU54.xpr
Scanning sources...
Finished scanning sources
INFO: [IP_Flow 19-234] Refreshing IP repositories
INFO: [IP_Flow 19-1704] No user IP repositories specified
INFO: [IP_Flow 19-2313] Loaded Vivado IP repository 'D:/Xilinx/Vivado/2016.2/data/ip'.
open_project: Time (s): cpu = 00:00:16 ; elapsed = 00:00:06 . Memory (MB): peak = 846.359 ; gain = 142.543
update_compile_order -fileset sources_1
exit
INFO: [Common 17-206] Exiting Vivado at Thu Nov 19 23:42:50 2020...
